[2016.04.12-14.51.39:620][  0]Log file open, 04/12/16 22:51:39
[2016.04.12-14.51.39:627][  0]LogInit:Display: Running engine for game: ClearPath
[2016.04.12-14.51.39:627][  0]LogPlatformFile: Not using cached read wrapper
[2016.04.12-14.51.39:627][  0]LogInit:Display: RandInit(-323984085) SRandInit(-323984080).
[2016.04.12-14.51.39:627][  0]LogTaskGraph: Started task graph with 4 named threads and 7 total threads.
[2016.04.12-14.51.39:627][  0]LogStats: Stats thread started at 3.857825
[2016.04.12-14.51.39:627][  0]LogInit: Version: 4.10.1-0+++directive
[2016.04.12-14.51.39:627][  0]LogInit: API Version: 0
[2016.04.12-14.51.39:627][  0]LogInit: Compiled (64-bit): Apr  6 2016 22:26:37
[2016.04.12-14.51.39:628][  0]LogInit: Compiled with Visual C++: 19.00.23026.00
[2016.04.12-14.51.39:628][  0]LogInit: Build Configuration: Debug
[2016.04.12-14.51.39:628][  0]LogInit: Branch Name: ++directive
[2016.04.12-14.51.39:628][  0]LogInit: Command line:  -debug
[2016.04.12-14.51.39:628][  0]LogInit: Base directory: K:/UnrealEngine/Engine/Binaries/Win64/
[2016.04.12-14.51.39:628][  0]LogInit: Rocket: 0
[2016.04.12-14.51.39:665][  0]LogInit: Using libcurl 7.41.0
[2016.04.12-14.51.39:665][  0]LogInit:  - built for x86_64-pc-win32
[2016.04.12-14.51.39:665][  0]LogInit:  - supports SSL with WinSSL
[2016.04.12-14.51.39:665][  0]LogInit:  - other features:
[2016.04.12-14.51.39:665][  0]LogInit:      CURL_VERSION_SSL
[2016.04.12-14.51.39:665][  0]LogInit:      CURL_VERSION_IPV6
[2016.04.12-14.51.39:665][  0]LogInit:      CURL_VERSION_ASYNCHDNS
[2016.04.12-14.51.39:665][  0]LogInit:      CURL_VERSION_LARGEFILE
[2016.04.12-14.51.39:665][  0]LogInit:      CURL_VERSION_IDN
[2016.04.12-14.51.39:666][  0]LogInit:  CurlRequestOptions (configurable via config and command line):
[2016.04.12-14.51.39:666][  0]LogInit:  - bVerifyPeer = true  - Libcurl will verify peer certificate
[2016.04.12-14.51.39:666][  0]LogInit:  - bUseHttpProxy = false  - Libcurl will NOT use HTTP proxy
[2016.04.12-14.51.39:666][  0]LogInit:  - bDontReuseConnections = false  - Libcurl will reuse connections
[2016.04.12-14.51.39:666][  0]LogInit:  - CertBundlePath = nullptr  - Libcurl will use whatever was configured at build time.
[2016.04.12-14.51.40:018][  0]LogInit: Presizing for 0 objects not considered by GC, pre-allocating 0 bytes.
[2016.04.12-14.51.40:248][  0]LogInit: Object subsystem initialized
[2016.04.12-14.51.40:545][  0]LogInit: Selected Device Profile: [Windows]
[2016.04.12-14.51.40:545][  0]LogInit: Applying CVar settings loaded from the selected device profile: [Windows]
[2016.04.12-14.51.40:700][  0]LogInit: Computer: WANGSHIHA-PC
[2016.04.12-14.51.40:700][  0]LogInit: User: WangShihai
[2016.04.12-14.51.40:700][  0]LogInit: CPU Page size=4096, Cores=4
[2016.04.12-14.51.40:700][  0]LogInit: High frequency timer resolution =3.312646 MHz
[2016.04.12-14.51.40:701][  0]LogMemory: Memory total: Physical=15.9GB (16GB approx)
[2016.04.12-14.51.40:701][  0]LogMemory: Platform Memory Stats for Windows
[2016.04.12-14.51.40:701][  0]LogMemory: Process Physical Memory: 64.74 MB used, 64.74 MB peak
[2016.04.12-14.51.40:701][  0]LogMemory: Process Virtual Memory: 59.30 MB used, 59.30 MB peak
[2016.04.12-14.51.40:701][  0]LogMemory: Physical Memory: 6437.95 MB used, 16305.84 MB total
[2016.04.12-14.51.40:701][  0]LogMemory: Virtual Memory: 488.61 MB used, 134217728.00 MB total
[2016.04.12-14.51.41:460][  0]LogPhysics:Warning: PHYSX: ..\..\module\clothing\src\ModuleClothing.cpp (386) 2 : physx::apex::clothing::ModuleClothing::ModuleClothing: Failed to load the GPU dll 'APEX_ClothingGPUPROFILE_x64.dll'
[2016.04.12-14.51.41:614][  0]LogTextLocalizationManager: No specific translations for ('en-US') exist, so ('en') translations will be used.
[2016.04.12-14.51.43:568][  0]LogD3D11RHI: Found D3D11 adapter 0: NVIDIA GeForce GTX 660   (Feature Level 11_0)
[2016.04.12-14.51.43:568][  0]LogD3D11RHI: Adapter has 1988MB of dedicated video memory, 0MB of dedicated system memory, and 8152MB of shared system memory, 2 output[s]
[2016.04.12-14.51.43:574][  0]LogD3D11RHI: Found D3D11 adapter 1: Microsoft Basic Render Driver (Feature Level 11_0)
[2016.04.12-14.51.43:574][  0]LogD3D11RHI: Adapter has 0MB of dedicated video memory, 0MB of dedicated system memory, and 8152MB of shared system memory, 0 output[s]
[2016.04.12-14.51.43:574][  0]LogD3D11RHI: Chosen D3D11 Adapter Id = 0
[2016.04.12-14.51.43:579][  0]LogD3D11RHI: !Direct3DDevice
[2016.04.12-14.51.43:579][  0]LogRHI: Texture pool is 1361 MB (70% of 1945 MB)
[2016.04.12-14.51.43:598][  0]LogD3D11RHI: Async texture creation enabled
[2016.04.12-14.51.44:014][  0]LogShaderCompilers: Guid format shader working directory is 27 characters bigger than the processId version (../../../../ClearPath/Intermediate/Shaders/WorkingDirectory/12496/).
[2016.04.12-14.51.44:014][  0]LogShaderCompilers: Cleaned the shader compiler working directory 'C:/Users/WANGSH~1/AppData/Local/Temp/UnrealShaderWorkingDir/35428779418EC3EC03F7AB90306FAD6F/'.
[2016.04.12-14.51.44:015][  0]LogShaderCompilers:Display: Using Local Shader Compiler.
[2016.04.12-14.51.47:967][  0]LogTemp:Display: Loaded TP AllDesktopTargetPlatform
[2016.04.12-14.51.48:068][  0]LogTemp:Display: Loaded TP WindowsClientTargetPlatform
[2016.04.12-14.51.48:200][  0]LogTemp:Display: Loaded TP WindowsNoEditorTargetPlatform
[2016.04.12-14.51.48:287][  0]LogTemp:Display: Loaded TP WindowsServerTargetPlatform
[2016.04.12-14.51.48:369][  0]LogTemp:Display: Loaded TP WindowsTargetPlatform
[2016.04.12-14.51.48:442][  0]LogTemp:Display: Loaded TP AndroidTargetPlatform
[2016.04.12-14.51.48:509][  0]LogTemp:Display: Loaded TP Android_ASTCTargetPlatform
[2016.04.12-14.51.48:574][  0]LogTemp:Display: Loaded TP Android_ATCTargetPlatform
[2016.04.12-14.51.48:690][  0]LogTemp:Display: Loaded TP Android_DXTTargetPlatform
[2016.04.12-14.51.48:798][  0]LogTemp:Display: Loaded TP Android_ETC1TargetPlatform
[2016.04.12-14.51.48:877][  0]LogTemp:Display: Loaded TP Android_ETC2TargetPlatform
[2016.04.12-14.51.49:090][  0]LogTemp:Display: Loaded TP Android_MultiTargetPlatform
[2016.04.12-14.51.49:091][  0]LogTemp:Display: Loaded TP Android_PVRTCTargetPlatform
[2016.04.12-14.51.49:147][  0]LogTemp:Display: Loaded TP HTML5TargetPlatform
[2016.04.12-14.51.49:434][  0]LogTemp:Display: Loaded TP IOSTargetPlatform
[2016.04.12-14.51.49:434][  0]LogTargetPlatformManager:Display: Building Assets For Windows
[2016.04.12-14.51.51:073][  0]LogDerivedDataCache:Display: Max Cache Size: 512 MB
[2016.04.12-14.51.51:117][  0]LogDerivedDataCache: Loaded boot cache 0.04s 41MB ../../../../ClearPath/DerivedDataCache/Boot.ddc.
[2016.04.12-14.51.51:118][  0]LogDerivedDataCache:Display: Loaded Boot cache: ../../../../ClearPath/DerivedDataCache/Boot.ddc
[2016.04.12-14.51.51:118][  0]LogDerivedDataCache: FDerivedDataBackendGraph:  Pak pak cache file ../../../../ClearPath/DerivedDataCache/DDC.ddp not found, will not use a pak cache.
[2016.04.12-14.51.51:118][  0]LogDerivedDataCache: Unable to find inner node Pak for hierarchical cache Hierarchy.
[2016.04.12-14.51.51:118][  0]LogDerivedDataCache: FDerivedDataBackendGraph:  EnginePak pak cache file ../../../Engine/DerivedDataCache/DDC.ddp not found, will not use a pak cache.
[2016.04.12-14.51.51:118][  0]LogDerivedDataCache: Unable to find inner node EnginePak for hierarchical cache Hierarchy.
[2016.04.12-14.51.51:131][  0]LogDerivedDataCache: Using Local data cache path ../../../Engine/DerivedDataCache: Writable
[2016.04.12-14.51.51:131][  0]LogDerivedDataCache: Shared data cache path not found in *engine.ini, will not use an Shared cache.
[2016.04.12-14.51.51:131][  0]LogDerivedDataCache: Unable to find inner node Shared for hierarchical cache Hierarchy.
[2016.04.12-14.51.57:227][  0]LogInit: Selected Device Profile: [Windows]
[2016.04.12-14.51.57:253][  0]LogContentStreaming: Texture pool size is 0.000000MB
[2016.04.12-14.51.58:125][  0]LogMeshUtilities: No automatic mesh reduction module available
[2016.04.12-14.51.58:126][  0]LogMeshUtilities: No automatic mesh merging module available
[2016.04.12-14.51.59:756][  0]LogInit: WinSock: version 1.1 (2.2), MaxSocks=32767, MaxUdp=65467
[2016.04.12-14.52.03:673][  0]UdpMessaging: Initializing bridge on interface 0.0.0.0:0 to multicast group 230.0.0.1:6666.
[2016.04.12-14.52.04:252][  0]LogAssetRegistry: FAssetRegistry took 0.0201 seconds to start up
[2016.04.12-14.52.05:385][  0]SourceControl: Info Source control is disabled
[2016.04.12-14.52.05:387][  0]SourceControl: Info Source control is disabled
[2016.04.12-14.52.05:438][  0]SourceControl: Info Source control is disabled
[2016.04.12-14.52.05:485][  0]SourceControl: Info Source control is disabled
[2016.04.12-14.52.06:378][  0]LogObj: 28636 objects as part of root set at end of initial load.
[2016.04.12-14.52.06:378][  0]LogUObjectAllocator: 6101760 out of 0 bytes used by permanent object pool.
[2016.04.12-14.52.06:851][  0]LogEngine: Initializing Engine...
[2016.04.12-14.52.06:856][  0]LogHMD: Can't find Oculus library dev build: is proper Runtime installed? Version: 0.8.0.0
[2016.04.12-14.52.06:872][  0]LogHMD: SteamVR failed to initialize.  Err: 110
[2016.04.12-14.52.07:492][  0]LogAIModule: Creating AISystem for world NewWorld
[2016.04.12-14.52.07:557][  0]LogInit: XAudio2 using 'Speakers (MUSILAND M-Sword Digital)' : 2 channels at 44.1 kHz using 32 bits per sample (channel mask 0x3)
[2016.04.12-14.52.07:570][  0]LogInit: FAudioDevice initialized.
[2016.04.12-14.52.07:591][  0]LogDerivedDataCache: Saved boot cache 0.02s 41MB ../../../../ClearPath/DerivedDataCache/Boot.ddc.
[2016.04.12-14.52.07:598][  0]LogInit: Texture streaming: Enabled
[2016.04.12-14.52.07:667][  0]LogInit: Transaction tracking system initialized
[2016.04.12-14.52.07:953][  0]BlueprintLog: New page: Editor Load
[2016.04.12-14.52.09:156][  0]LocalizationService: Info Localization service is disabled
[2016.04.12-14.52.09:726][  0]LogConsoleResponse:Display: 
[2016.04.12-14.52.10:543][  0]LogFileCache: Scanning file cache for directory 'K:/ClearPath/Content/' took 0.02s
[2016.04.12-14.52.10:543][  0]LogCook:Display: Done creating registry. It took  0.00s.
[2016.04.12-14.52.11:018][  0]SourceControl: Info Source control is disabled
[2016.04.12-14.52.11:045][  0]Cmd: MAP LOAD FILE="../../../../ClearPath/Content/ClearPath/DefaultMap.umap" TEMPLATE=0 SHOWPROGRESS=1 FEATURELEVEL=3
[2016.04.12-14.52.11:048][  0]LightingResults: New page: Lighting Build
[2016.04.12-14.52.11:103][  0]MapCheck: New page: Map Check
[2016.04.12-14.52.11:103][  0]LightingResults: New page: Lighting Build
[2016.04.12-14.52.11:181][  0]LogParticles: Destroying 0 GPU particle simulations for FXSystem 0x000000A2082B1580
[2016.04.12-14.52.11:985][  0]LogBlueprint:Warning: [Passenger] CreatePinForVariable: 'location' variable not found. Base class was probably changed.
[2016.04.12-14.52.11:986][  0]LogBlueprint:Warning: [Passenger] CreatePinForVariable: 'maxSpeed' variable not found. Base class was probably changed.
[2016.04.12-14.52.11:986][  0]LogBlueprint:Warning: [Passenger] CreatePinForVariable: 'maxSpeed' variable not found. Base class was probably changed.
[2016.04.12-14.52.11:997][  0]LogBlueprint:Warning: [compiler Passenger] Warning Could not find a variable named "maxSpeed" in 'NavComponent'.
Make sure 'NavComponent' has been compiled for  Set maxSpeed 
[2016.04.12-14.52.11:998][  0]LogBlueprint:Warning: [compiler Passenger] Warning Could not find a variable named "location" in 'NavComponent'.
Make sure 'NavComponent' has been compiled for  Get location 
[2016.04.12-14.52.12:000][  0]LogBlueprint:Error: [compiler Passenger] Error The property associated with  Location  could not be found
[2016.04.12-14.52.12:001][  0]LogBlueprint:Error: [compiler Passenger] Error The property associated with  Max Speed  could not be found
[2016.04.12-14.52.12:012][  0]LogBlueprint:Warning: [compiler Passenger] Warning [0042.17] Compile of Passenger failed. 2 Fatal Issue(s) 2 Warning(s) [in 21 ms]
[2016.04.12-14.52.12:012][  0]LogBlueprint:Warning: [compiler Passenger] Warning [0042.17] Compile of Passenger failed. 2 Fatal Issue(s) 3 Warning(s) [in 0 ms]
[2016.04.12-14.52.12:013][  0]LogBlueprint:Warning: [compiler Passenger] Warning [0042.17] Compile of Passenger failed. 2 Fatal Issue(s) 4 Warning(s) [in 0 ms]
[2016.04.12-14.52.12:015][  0]LogBlueprint:Warning: [Passenger] CreatePinForVariable: 'location' variable not found. Base class was probably changed.
[2016.04.12-14.52.12:015][  0]LogBlueprint:Warning: [Passenger] CreatePinForVariable: 'maxSpeed' variable not found. Base class was probably changed.
[2016.04.12-14.52.12:015][  0]LogBlueprint:Warning: [Passenger] CreatePinForVariable: 'maxSpeed' variable not found. Base class was probably changed.
[2016.04.12-14.52.12:050][  0]LogBlueprint:Error: [compiler DefaultMap] Error Could not find a function named "SetTargetLocation" in 'NavComponent'.
Make sure 'NavComponent' has been compiled for  Set Target Location 
[2016.04.12-14.52.12:051][  0]LogBlueprint:Error: [compiler DefaultMap] Error Could not find a function named "SetTargetLocation" in 'NavComponent'.
Make sure 'NavComponent' has been compiled for  Set Target Location 
[2016.04.12-14.52.12:057][  0]LogBlueprint:Warning: [compiler DefaultMap] Warning [0042.22] Compile of DefaultMap failed. 2 Fatal Issue(s) 0 Warning(s) [in 10 ms]
[2016.04.12-14.52.12:058][  0]LogBlueprint:Warning: [compiler DefaultMap] Warning [0042.22] Compile of DefaultMap failed. 2 Fatal Issue(s) 1 Warning(s) [in 0 ms]
[2016.04.12-14.52.12:058][  0]LogBlueprint:Warning: [compiler DefaultMap] Warning [0042.22] Compile of DefaultMap failed. 2 Fatal Issue(s) 2 Warning(s) [in 0 ms]
[2016.04.12-14.52.12:374][  0]LogAIModule: Creating AISystem for world DefaultMap
[2016.04.12-14.52.12:582][  0]LogEditorServer: Finished looking for orphan Actors (0.000 secs)
[2016.04.12-14.52.12:587][  0]Cmd: MAP CHECKDEP NOCLEARLOG
[2016.04.12-14.52.12:678][  0]MapCheck: Info Map check complete: 0 Error(s), 0 Warning(s), took 90.584ms to complete.
[2016.04.12-14.52.12:678][  0]LogFileHelpers: Loading map 'DefaultMap' took 1.646
[2016.04.12-14.52.13:276][  0]LogCollectionManager: Loaded 0 collections in 0.004093 seconds
[2016.04.12-14.52.13:440][  0]LogFileCache: Scanning file cache for directory 'K:/ClearPath/Saved/Collections/' took 0.01s
[2016.04.12-14.52.13:440][  0]LogFileCache: Scanning file cache for directory 'K:/ClearPath/Content/Developers/WangShihai/Collections/' took 0.01s
[2016.04.12-14.52.13:440][  0]LogFileCache: Scanning file cache for directory 'K:/ClearPath/Content/Collections/' took 0.01s
[2016.04.12-14.52.13:440][  0]LogCollectionManager: Rebuilt the GUID cache for 0 collections in 0.000006 seconds
[2016.04.12-14.52.13:477][  0]LogContentBrowser: Native class hierarchy populated in 0.0338 seconds. Added 1894 classes and 338 folders.
[2016.04.12-14.52.13:516][  0]LogContentBrowser: Native class hierarchy updated for 'WidgetCarousel' in 0.0016 seconds. Added 0 classes and 0 folders.
[2016.04.12-14.52.14:050][  0]LogContentBrowser: Native class hierarchy updated for 'AddContentDialog' in 0.0017 seconds. Added 0 classes and 0 folders.
[2016.04.12-14.52.14:129][  0]LogContentBrowser: Native class hierarchy updated for 'SceneOutliner' in 0.0015 seconds. Added 1 classes and 2 folders.
[2016.04.12-14.52.14:726][  0]LogCrashTracker: Crashtracker disabled due to settings.
[2016.04.12-14.52.14:814][  0]LogUObjectGlobals:Warning: Failed to find object 'Class None.'
[2016.04.12-14.52.14:850][  0]LogLoad: Full Startup: 45.01 seconds (BP compile: 0.49 seconds)
[2016.04.12-14.52.15:221][  0]LogOcInput: Can't find Oculus library dev build: is proper Runtime installed? Version: 0.8.0.0
[2016.04.12-14.52.15:399][  0]LogContentStreaming: Texture pool size now 1000 MB
[2016.04.12-14.52.15:826][  0]LogRenderer: Reallocating scene render targets to support 988x544 (Frame:2).
[2016.04.12-14.52.17:294][  5]LogAssetRegistry: Asset discovery search completed in 13.0545 seconds
[2016.04.12-14.52.17:294][  5]LogCollectionManager: Rebuilt the object cache for 0 collections in 0.000001 seconds (found 0 objects)
[2016.04.12-14.52.17:294][  5]LogCollectionManager: Fixed up redirectors for 0 collections in 0.000181 seconds (updated 0 objects)
[2016.04.12-14.53.07:594][242]LogBlueprintUserMessages: Early PlayInEditor Detection: Level '/Game/ClearPath/DefaultMap.DefaultMap:PersistentLevel' has LevelScriptBlueprint '/Game/ClearPath/DefaultMap.DefaultMap:PersistentLevel.DefaultMap' with GeneratedClass '/Game/ClearPath/DefaultMap.DefaultMap_C' with ClassGeneratedBy '/Game/ClearPath/DefaultMap.DefaultMap:PersistentLevel.DefaultMap'
[2016.04.12-14.53.07:594][242]BlueprintLog: New page: Pre-Play auto-recompile
[2016.04.12-14.53.07:595][242]LogPlayLevel: [PlayLevel] Compiling DefaultMap before play...
[2016.04.12-14.53.07:616][242]LogBlueprint:Error: [compiler DefaultMap] Error Could not find a function named "SetTargetLocation" in 'NavComponent'.
Make sure 'NavComponent' has been compiled for  Set Target Location 
[2016.04.12-14.53.07:617][242]LogBlueprint:Error: [compiler DefaultMap] Error Could not find a function named "SetTargetLocation" in 'NavComponent'.
Make sure 'NavComponent' has been compiled for  Set Target Location 
[2016.04.12-14.53.07:796][242]LogTexture:Display: Building textures: BadBlueprintSprite (BGRA8)
[2016.04.12-14.53.07:949][242]LogBlueprint:Warning: [compiler DefaultMap] Warning [0098.11] Compile of DefaultMap failed. 2 Fatal Issue(s) 0 Warning(s) [in 348 ms]
[2016.04.12-14.53.07:951][242]LogBlueprint:Warning: [compiler DefaultMap] Warning [0098.11] Compile of DefaultMap failed. 2 Fatal Issue(s) 1 Warning(s) [in 0 ms]
[2016.04.12-14.53.07:951][242]LogBlueprint:Warning: [compiler DefaultMap] Warning [0098.11] Compile of DefaultMap failed. 2 Fatal Issue(s) 2 Warning(s) [in 0 ms]
[2016.04.12-14.53.07:951][242]LogBlueprint:Warning: [compiler DefaultMap] Warning [0098.11] Compile of DefaultMap failed. 2 Fatal Issue(s) 3 Warning(s) [in 0 ms]
[2016.04.12-14.53.07:952][242]LogBlueprint:Warning: [compiler DefaultMap] Warning [0098.11] Compile of DefaultMap failed. 2 Fatal Issue(s) 4 Warning(s) [in 0 ms]
[2016.04.12-14.53.07:952][242]LogBlueprint:Warning: [compiler DefaultMap] Warning [0098.11] Compile of DefaultMap failed. 2 Fatal Issue(s) 5 Warning(s) [in 0 ms]
[2016.04.12-14.53.07:955][242]LogPlayLevel: PlayLevel: Blueprint regeneration took 360 ms (1 blueprints)
[2016.04.12-14.53.07:956][242]LogActorComponent: UnregisterComponent: (/Engine/Transient.Nav_GEN_VARIABLE) Not registered. Aborting.
[2016.04.12-14.53.08:033][242]BlueprintLog: Info Blueprint DefaultMap failed to compile
[2016.04.12-14.53.17:194][411]LogContentBrowser: Native class hierarchy updated for 'BlueprintGraph' in 0.0029 seconds. Added 107 classes and 0 folders.
[2016.04.12-14.54.49:054][279]BlueprintLog: New page: Compile Passenger
[2016.04.12-14.54.49:076][279]LogBlueprint:Warning: [compiler Passenger] Warning Could not find a variable named "location" in 'NavComponent'.
Make sure 'NavComponent' has been compiled for  Get location 
[2016.04.12-14.54.49:078][279]LogBlueprint:Error: [compiler Passenger] Error The property associated with  Location  could not be found
[2016.04.12-14.54.49:433][279]LogActorComponent: UnregisterComponent: (/Engine/Transient.Nav_GEN_VARIABLE) Not registered. Aborting.
[2016.04.12-14.54.49:549][279]LogBlueprint:Warning: [compiler Passenger] Warning [0199.71] Compile of Passenger failed. 1 Fatal Issue(s) 1 Warning(s) [in 494 ms]
[2016.04.12-14.54.49:549][279]BlueprintEditorCompileResults:Warning: Warning Could not find a variable named "location" in 'NavComponent'.
Make sure 'NavComponent' has been compiled for  Get location 
[2016.04.12-14.54.49:549][279]BlueprintEditorCompileResults:Error: Error The property associated with  Location  could not be found
[2016.04.12-14.54.49:550][279]BlueprintEditorCompileResults:Warning: Warning [0199.71] Compile of Passenger failed. 1 Fatal Issue(s) 1 Warning(s) [in 494 ms]
[2016.04.12-14.54.50:184][295]Cmd: OBJ SAVEPACKAGE PACKAGE="/Game/ClearPath/Passenger" FILE="../../../../ClearPath/Content/ClearPath/Passenger.uasset" SILENT=true
[2016.04.12-14.54.50:296][295]LogSavePackage: Save=84.527596ms
[2016.04.12-14.54.50:297][295]LogSavePackage: Moving '../../../../ClearPath/Saved/Passenger6745023D4ED2E1912BEACE939AF85751.tmp' to '../../../../ClearPath/Content/ClearPath/Passenger.uasset'
[2016.04.12-14.54.50:300][295]LogSavePackage: Total save time: 113.761328ms
[2016.04.12-14.54.50:301][295]LogSavePackage:Display: Finished SavePackage ../../../../ClearPath/Content/ClearPath/Passenger.uasset
[2016.04.12-14.57.33:911][ 51]Cmd: OBJ SAVEPACKAGE PACKAGE="/Game/ClearPath/Passenger" FILE="../../../../ClearPath/Content/ClearPath/Passenger.uasset" SILENT=true
[2016.04.12-14.57.33:989][ 51]LogSavePackage: Save=75.315018ms
[2016.04.12-14.57.33:990][ 51]LogSavePackage: Moving '../../../../ClearPath/Saved/Passenger92C3AF3D469595FBA4D50CB70259C74F.tmp' to '../../../../ClearPath/Content/ClearPath/Passenger.uasset'
[2016.04.12-14.57.33:992][ 51]LogSavePackage: Total save time: 79.116814ms
[2016.04.12-14.57.33:992][ 51]LogSavePackage:Display: Finished SavePackage ../../../../ClearPath/Content/ClearPath/Passenger.uasset
[2016.04.12-14.57.38:604][253]Recompiling ClearPath...
[2016.04.12-14.57.38:605][253]Building UnrealBuildTool...
[2016.04.12-14.57.38:605][253]Building UnrealBuildTool in K:/UnrealEngine/...
[2016.04.12-14.57.38:608][253]Running: C:\Windows\system32\cmd.exe /c "K:\UnrealEngine\Engine\Intermediate\Build\UnrealBuildTool\BuildUBT.bat"
[2016.04.12-14.57.39:457][253]Launching UnrealBuildTool... [K:/UnrealEngine/Engine/Binaries/DotNET/UnrealBuildTool.exe ClearPath -ModuleWithSuffix ClearPath 7525 Win64 Debug -editorrecompile -canskiplink "K:/ClearPath/ClearPath.uproject"  -2015]
[2016.04.12-14.57.39:459][253]Warning: Starting HotReload took  0.9s.
[2016.04.12-14.58.14:510][359]CompilerResultsLog: New page: Compilation - Apr 13, 2016, 6:58:14 AM
[2016.04.12-14.58.14:511][359]CompilerResultsLog: Info Creating makefile for hot reloading ClearPath (game project files are newer)
[2016.04.12-14.58.14:511][359]CompilerResultsLog: Info Compiling game modules for hot reload
[2016.04.12-14.58.14:511][359]CompilerResultsLog: Info Building UnrealHeaderTool...
[2016.04.12-14.58.14:511][359]CompilerResultsLog: Info Target is up to date.
[2016.04.12-14.58.14:511][359]CompilerResultsLog: Info Parsing headers for ClearPathEditor
[2016.04.12-14.58.14:511][359]CompilerResultsLog: Info   Running UnrealHeaderTool "K:/ClearPath/ClearPath.uproject" "K:\ClearPath\Intermediate\Build\Win64\ClearPathEditor\Debug\UnrealHeaderTool.manifest" -LogCmds="loginit warning, logexit warning, logdatabase error"
[2016.04.12-14.58.14:511][359]CompilerResultsLog: Info Reflection code generated for ClearPathEditor in 7.1612475 seconds
[2016.04.12-14.58.14:512][359]CompilerResultsLog: Info Performing 4 actions (4 in parallel)
[2016.04.12-14.58.14:512][359]CompilerResultsLog: Info ClearPath.generated.cpp
[2016.04.12-14.58.14:512][359]CompilerResultsLog: Info NavComponent.cpp
[2016.04.12-14.58.14:512][359]CompilerResultsLog: Info Navigator.cpp
[2016.04.12-14.58.14:512][359]CompilerResultsLog: Info [4/4] Link UE4Editor-ClearPath-7525-Win64-Debug.dll
[2016.04.12-14.58.14:512][359]CompilerResultsLog: Info    Creating library K:\ClearPath\Intermediate/Build/Win64\UE4Editor\Debug\UE4Editor-ClearPath-7525-Win64-Debug.lib and object K:\ClearPath\Intermediate/Build/Win64\UE4Editor\Debug\UE4Editor-ClearPath-7525-Win64-Debug.exp
[2016.04.12-14.58.14:512][359]CompilerResultsLog: Info -------- End Detailed Actions Stats -----------------------------------------------------------
[2016.04.12-14.58.14:512][359]CompilerResultsLog: Info Total build time: 34.79 seconds
[2016.04.12-14.58.14:513][359]LogMainFrame: MainFrame: Module compiling took 35.917 seconds
[2016.04.12-14.58.14:529][359]LogActorComponent: UnregisterComponent: (/Engine/Transient.Nav_GEN_VARIABLE) Not registered. Aborting.
[2016.04.12-14.58.14:697][359]LogClass: Could not find existing class NavComponent in package /Script/ClearPath for HotReload, assuming new class
[2016.04.12-14.58.14:697][359]LogClass: Function CreateNavigator is new.
[2016.04.12-14.58.14:697][359]LogClass: Function GetNavLocation is new.
[2016.04.12-14.58.14:697][359]LogClass: Function GetNavVelocity is new.
[2016.04.12-14.58.14:705][359]LogHotReload: Re-instancing NavComponent after hot-reload.
[2016.04.12-14.58.14:706][359]LogUObjectGlobals:Warning: Guid is in use by HOTRELOADED_NavComponent_0 /Game/ClearPath/DefaultMap.DefaultMap:PersistentLevel.Passenger_C_2.HOTRELOADED_NavComponent_1 and NavComponent /Game/ClearPath/DefaultMap.DefaultMap:PersistentLevel.Passenger_C_2.Nav, which should never happen in the editor but could happen at runtime with duplicate level loading or PIE
[2016.04.12-14.58.14:706][359]LogUObjectGlobals:Warning: Guid is in use by HOTRELOADED_NavComponent_0 /Game/ClearPath/DefaultMap.DefaultMap:PersistentLevel.Passenger_C_3.HOTRELOADED_NavComponent_2 and NavComponent /Game/ClearPath/DefaultMap.DefaultMap:PersistentLevel.Passenger_C_3.Nav, which should never happen in the editor but could happen at runtime with duplicate level loading or PIE
[2016.04.12-14.58.14:947][359]LogContentBrowser: Native class hierarchy updated for 'ClearPath' in 0.0015 seconds. Added 2 classes and 2 folders.
[2016.04.12-14.58.14:961][359]Warning: HotReload successful (0 functions remapped  0 scriptstructs remapped)
[2016.04.12-14.58.14:986][359]LogBlueprint:Warning: [compiler Passenger] Warning Could not find a variable named "location" in 'NavComponent'.
Make sure 'NavComponent' has been compiled for  Get location 
[2016.04.12-14.58.14:991][359]LogBlueprint:Error: [compiler Passenger] Error The property associated with  Location  could not be found
[2016.04.12-14.58.15:383][359]LogBlueprint:Warning: [compiler Passenger] Warning [0405.54] Compile of Passenger failed. 1 Fatal Issue(s) 1 Warning(s) [in 412 ms]
[2016.04.12-14.58.15:384][359]LogBlueprint:Warning: [compiler Passenger] Warning [0405.54] Compile of Passenger failed. 1 Fatal Issue(s) 2 Warning(s) [in 0 ms]
[2016.04.12-14.58.15:384][359]LogBlueprint:Warning: [compiler Passenger] Warning [0405.54] Compile of Passenger failed. 1 Fatal Issue(s) 3 Warning(s) [in 0 ms]
[2016.04.12-14.58.15:384][359]LogBlueprint:Warning: [compiler Passenger] Warning [0405.54] Compile of Passenger failed. 1 Fatal Issue(s) 4 Warning(s) [in 0 ms]
[2016.04.12-14.58.15:393][359]LogBlueprint:Warning: [compiler Passenger] Warning [0405.55] Compile of Passenger failed. 1 Fatal Issue(s) 5 Warning(s) [in 8 ms]
[2016.04.12-14.58.15:393][359]LogBlueprint:Warning: [compiler Passenger] Warning [0405.55] Compile of Passenger failed. 1 Fatal Issue(s) 6 Warning(s) [in 0 ms]
[2016.04.12-14.58.15:410][359]LogBlueprint:Error: [compiler DefaultMap] Error Could not find a function named "SetTargetLocation" in 'NavComponent'.
Make sure 'NavComponent' has been compiled for  Set Target Location 
[2016.04.12-14.58.15:411][359]LogBlueprint:Error: [compiler DefaultMap] Error Could not find a function named "SetTargetLocation" in 'NavComponent'.
Make sure 'NavComponent' has been compiled for  Set Target Location 
[2016.04.12-14.58.15:808][359]LogBlueprint:Warning: [compiler DefaultMap] Warning [0405.97] Compile of DefaultMap failed. 2 Fatal Issue(s) 0 Warning(s) [in 410 ms]
[2016.04.12-14.58.15:809][359]LogBlueprint:Warning: [compiler DefaultMap] Warning [0405.97] Compile of DefaultMap failed. 2 Fatal Issue(s) 1 Warning(s) [in 0 ms]
[2016.04.12-14.58.15:809][359]LogBlueprint:Warning: [compiler DefaultMap] Warning [0405.97] Compile of DefaultMap failed. 2 Fatal Issue(s) 2 Warning(s) [in 0 ms]
[2016.04.12-14.58.15:809][359]LogBlueprint:Warning: [compiler DefaultMap] Warning [0405.97] Compile of DefaultMap failed. 2 Fatal Issue(s) 3 Warning(s) [in 0 ms]
[2016.04.12-14.58.15:811][359]LogBlueprint:Warning: [compiler DefaultMap] Warning [0405.97] Compile of DefaultMap failed. 2 Fatal Issue(s) 4 Warning(s) [in 1 ms]
[2016.04.12-14.58.15:811][359]LogBlueprint:Warning: [compiler DefaultMap] Warning [0405.97] Compile of DefaultMap failed. 2 Fatal Issue(s) 5 Warning(s) [in 0 ms]
[2016.04.12-14.58.17:098][359]LogContentBrowser: Native class hierarchy populated in 0.0271 seconds. Added 1895 classes and 340 folders.
[2016.04.12-14.58.57:337][667]BlueprintLog: New page: Compile Passenger
[2016.04.12-14.58.57:379][667]LogBlueprint:Error: [compiler DefaultMap] Error Could not find a function named "SetTargetLocation" in 'NavComponent'.
Make sure 'NavComponent' has been compiled for  Set Target Location 
[2016.04.12-14.58.57:380][667]LogBlueprint:Error: [compiler DefaultMap] Error Could not find a function named "SetTargetLocation" in 'NavComponent'.
Make sure 'NavComponent' has been compiled for  Set Target Location 
[2016.04.12-14.58.57:413][667]LogActorComponent: UnregisterComponent: (/Engine/Transient.Nav_GEN_VARIABLE) Not registered. Aborting.
[2016.04.12-14.58.58:453][667]BlueprintEditorCompileResults: Info [0448.61] Compile of Passenger successful! [in 1,116 ms]
[2016.04.12-14.58.58:958][698]Cmd: OBJ SAVEPACKAGE PACKAGE="/Game/ClearPath/Passenger" FILE="../../../../ClearPath/Content/ClearPath/Passenger.uasset" SILENT=true
[2016.04.12-14.58.59:033][698]LogSavePackage: Save=72.225044ms
[2016.04.12-14.58.59:034][698]LogSavePackage: Moving '../../../../ClearPath/Saved/PassengerB56AB690495E58EDFE7804BE31562A79.tmp' to '../../../../ClearPath/Content/ClearPath/Passenger.uasset'
[2016.04.12-14.58.59:036][698]LogSavePackage: Total save time: 75.740054ms
[2016.04.12-14.58.59:036][698]LogSavePackage:Display: Finished SavePackage ../../../../ClearPath/Content/ClearPath/Passenger.uasset
[2016.04.12-14.59.11:533][373]BlueprintLog: New page: Compile DefaultMap
[2016.04.12-14.59.11:548][373]LogBlueprint:Error: [compiler DefaultMap] Error Could not find a function named "SetTargetLocation" in 'NavComponent'.
Make sure 'NavComponent' has been compiled for  Set Target Location 
[2016.04.12-14.59.11:549][373]LogBlueprint:Error: [compiler DefaultMap] Error Could not find a function named "SetTargetLocation" in 'NavComponent'.
Make sure 'NavComponent' has been compiled for  Set Target Location 
[2016.04.12-14.59.11:983][373]LogActorComponent: UnregisterComponent: (/Engine/Transient.Nav_GEN_VARIABLE) Not registered. Aborting.
[2016.04.12-14.59.12:125][373]LogBlueprint:Warning: [compiler DefaultMap] Warning [0462.28] Compile of DefaultMap failed. 2 Fatal Issue(s) 0 Warning(s) [in 592 ms]
[2016.04.12-14.59.12:125][373]BlueprintEditorCompileResults:Error: Error Could not find a function named "SetTargetLocation" in 'NavComponent'.
Make sure 'NavComponent' has been compiled for  Set Target Location 
[2016.04.12-14.59.12:126][373]BlueprintEditorCompileResults:Error: Error Could not find a function named "SetTargetLocation" in 'NavComponent'.
Make sure 'NavComponent' has been compiled for  Set Target Location 
[2016.04.12-14.59.12:126][373]BlueprintEditorCompileResults:Warning: Warning [0462.28] Compile of DefaultMap failed. 2 Fatal Issue(s) 0 Warning(s) [in 592 ms]
[2016.04.12-14.59.19:330][883]BlueprintLog: New page: Compile DefaultMap
[2016.04.12-14.59.19:346][883]LogBlueprint:Error: [compiler DefaultMap] Error Could not find a function named "SetTargetLocation" in 'NavComponent'.
Make sure 'NavComponent' has been compiled for  Set Target Location 
[2016.04.12-14.59.19:347][883]LogBlueprint:Error: [compiler DefaultMap] Error Could not find a function named "SetTargetLocation" in 'NavComponent'.
Make sure 'NavComponent' has been compiled for  Set Target Location 
[2016.04.12-14.59.19:945][883]LogBlueprint:Warning: [compiler DefaultMap] Warning [0470.10] Compile of DefaultMap failed. 2 Fatal Issue(s) 0 Warning(s) [in 614 ms]
[2016.04.12-14.59.19:946][883]BlueprintEditorCompileResults:Error: Error Could not find a function named "SetTargetLocation" in 'NavComponent'.
Make sure 'NavComponent' has been compiled for  Set Target Location 
[2016.04.12-14.59.19:946][883]BlueprintEditorCompileResults:Error: Error Could not find a function named "SetTargetLocation" in 'NavComponent'.
Make sure 'NavComponent' has been compiled for  Set Target Location 
[2016.04.12-14.59.19:946][883]BlueprintEditorCompileResults:Warning: Warning [0470.10] Compile of DefaultMap failed. 2 Fatal Issue(s) 0 Warning(s) [in 614 ms]
[2016.04.12-14.59.27:566][411]BlueprintLog: New page: Compile DefaultMap
[2016.04.12-14.59.27:995][411]BlueprintEditorCompileResults: Info [0478.15] Compile of DefaultMap successful! [in 429 ms]
[2016.04.12-14.59.29:890][523]Recompiling ClearPath...
[2016.04.12-14.59.29:891][523]Launching UnrealBuildTool... [K:/UnrealEngine/Engine/Binaries/DotNET/UnrealBuildTool.exe ClearPath -ModuleWithSuffix ClearPath 4808 Win64 Debug -editorrecompile -canskiplink "K:/ClearPath/ClearPath.uproject"  -2015]
[2016.04.12-14.59.29:892][523]Warning: Starting HotReload took  0.0s.
[2016.04.12-14.59.30:951][572]CompilerResultsLog: New page: Compilation - Apr 13, 2016, 6:59:30 AM
[2016.04.12-14.59.30:952][572]CompilerResultsLog: Info Compiling game modules for hot reload
[2016.04.12-14.59.30:952][572]CompilerResultsLog: Info Target is up to date.
[2016.04.12-14.59.30:952][572]LogMainFrame: MainFrame: Module compiling took 1.068 seconds
[2016.04.12-14.59.34:690][767]Cmd: OBJ SAVEPACKAGE PACKAGE="/Game/ClearPath/DefaultMap" FILE="../../../../ClearPath/Content/ClearPath/DefaultMap.umap" SILENT=true AUTOSAVING=false KEEPDIRTY=false
[2016.04.12-14.59.35:254][767]LogSavePackage: Save=366.059937ms
[2016.04.12-14.59.35:254][767]LogSavePackage: Moving '../../../../ClearPath/Saved/DefaultMapD09F30EB46EEAE0314053590BF2293D4.tmp' to '../../../../ClearPath/Content/ClearPath/DefaultMap.umap'
[2016.04.12-14.59.35:257][767]LogSavePackage: Total save time: 400.618717ms
[2016.04.12-14.59.35:257][767]LogSavePackage:Display: Finished SavePackage ../../../../ClearPath/Content/ClearPath/DefaultMap.umap
[2016.04.12-15.00.08:999][ 23]BlueprintLog: New page: Compile Passenger
[2016.04.12-15.00.09:284][ 23]LogActorComponent: UnregisterComponent: (/Engine/Transient.Nav_GEN_VARIABLE) Not registered. Aborting.
[2016.04.12-15.00.09:444][ 23]BlueprintEditorCompileResults: Info [0519.60] Compile of Passenger successful! [in 445 ms]
[2016.04.12-15.00.10:264][ 71]Cmd: OBJ SAVEPACKAGE PACKAGE="/Game/ClearPath/Passenger" FILE="../../../../ClearPath/Content/ClearPath/Passenger.uasset" SILENT=true
[2016.04.12-15.00.10:351][ 71]LogSavePackage: Save=81.112198ms
[2016.04.12-15.00.10:351][ 71]LogSavePackage: Moving '../../../../ClearPath/Saved/PassengerAC0E338649D5AB2884643F8A98CBAB6E.tmp' to '../../../../ClearPath/Content/ClearPath/Passenger.uasset'
[2016.04.12-15.00.10:353][ 71]LogSavePackage: Total save time: 87.534860ms
[2016.04.12-15.00.10:353][ 71]LogSavePackage:Display: Finished SavePackage ../../../../ClearPath/Content/ClearPath/Passenger.uasset
[2016.04.12-15.00.56:768][388]LogActorComponent: UnregisterComponent: (/Engine/Transient.Nav_GEN_VARIABLE) Not registered. Aborting.
[2016.04.12-15.01.03:262][854]LogActorComponent: UnregisterComponent: (/Engine/Transient.NavComponent_0) Not registered. Aborting.
[2016.04.12-15.01.08:037][198]LogActorComponent: UnregisterComponent: (/Engine/Transient.NavComponent_1) Not registered. Aborting.
[2016.04.12-15.01.11:511][416]LogActorComponent: UnregisterComponent: (/Engine/Transient.NavComponent_2) Not registered. Aborting.
[2016.04.12-15.01.49:632][904]BlueprintLog: New page: Compile Passenger
[2016.04.12-15.01.49:703][904]LogActorComponent: UnregisterComponent: (/Engine/Transient.NavComponent_3) Not registered. Aborting.
[2016.04.12-15.01.50:467][904]BlueprintEditorCompileResults: Info [0620.63] Compile of Passenger successful! [in 834 ms]
[2016.04.12-15.01.50:995][928]Cmd: OBJ SAVEPACKAGE PACKAGE="/Game/ClearPath/Passenger" FILE="../../../../ClearPath/Content/ClearPath/Passenger.uasset" SILENT=true
[2016.04.12-15.01.51:107][928]LogSavePackage: Save=108.832336ms
[2016.04.12-15.01.51:107][928]LogSavePackage: Moving '../../../../ClearPath/Saved/Passenger113055214675C6D8FAB4D78611C6C4A4.tmp' to '../../../../ClearPath/Content/ClearPath/Passenger.uasset'
[2016.04.12-15.01.51:109][928]LogSavePackage: Total save time: 112.769369ms
[2016.04.12-15.01.51:109][928]LogSavePackage:Display: Finished SavePackage ../../../../ClearPath/Content/ClearPath/Passenger.uasset
[2016.04.12-15.02.21:870][146]BlueprintLog: New page: Compile DefaultMap
[2016.04.12-15.02.22:108][146]LogActorComponent: UnregisterComponent: (/Engine/Transient.Nav_GEN_VARIABLE) Not registered. Aborting.
[2016.04.12-15.02.22:257][146]BlueprintEditorCompileResults: Info [0652.42] Compile of DefaultMap successful! [in 386 ms]
[2016.04.12-15.02.23:782][242]Cmd: OBJ SAVEPACKAGE PACKAGE="/Game/ClearPath/DefaultMap" FILE="../../../../ClearPath/Content/ClearPath/DefaultMap.umap" SILENT=true AUTOSAVING=false KEEPDIRTY=false
[2016.04.12-15.02.24:310][242]LogSavePackage: Save=376.972351ms
[2016.04.12-15.02.24:310][242]LogSavePackage: Moving '../../../../ClearPath/Saved/DefaultMapF06BF8A14442CCAF32A076B984C71E09.tmp' to '../../../../ClearPath/Content/ClearPath/DefaultMap.umap'
[2016.04.12-15.02.24:312][242]LogSavePackage: Total save time: 380.024306ms
[2016.04.12-15.02.24:312][242]LogSavePackage:Display: Finished SavePackage ../../../../ClearPath/Content/ClearPath/DefaultMap.umap
[2016.04.12-15.02.24:837][265]LogBlueprintUserMessages: Early PlayInEditor Detection: Level '/Game/ClearPath/DefaultMap.DefaultMap:PersistentLevel' has LevelScriptBlueprint '/Game/ClearPath/DefaultMap.DefaultMap:PersistentLevel.DefaultMap' with GeneratedClass '/Game/ClearPath/DefaultMap.DefaultMap_C' with ClassGeneratedBy '/Game/ClearPath/DefaultMap.DefaultMap:PersistentLevel.DefaultMap'
[2016.04.12-15.02.24:837][265]LogPlayLevel: PlayLevel: No blueprints needed recompiling
[2016.04.12-15.02.24:837][265]PIE: New page: PIE session: DefaultMap (Apr 13, 2016, 7:02:24 AM)
[2016.04.12-15.02.24:839][265]LogPlayLevel: Creating play world package: /Game/ClearPath/UEDPIE_0_DefaultMap
[2016.04.12-15.02.24:852][265]LogPlayLevel: PIE: StaticDuplicateObject took: (0.012838s)
[2016.04.12-15.02.24:854][265]LogAIModule: Creating AISystem for world DefaultMap
[2016.04.12-15.02.24:854][265]LogPlayLevel: PIE: World Init took: (0.001210s)
[2016.04.12-15.02.24:855][265]LogPlayLevel: PIE: Created PIE world by copying editor world from /Game/ClearPath/DefaultMap.DefaultMap to /Game/ClearPath/UEDPIE_0_DefaultMap.DefaultMap (0.015719s)
[2016.04.12-15.02.25:025][265]LogInit: XAudio2 using 'Speakers (MUSILAND M-Sword Digital)' : 2 channels at 44.1 kHz using 32 bits per sample (channel mask 0x3)
[2016.04.12-15.02.25:030][265]LogInit: FAudioDevice initialized.
[2016.04.12-15.02.25:163][265]LogWorld: Game class is 'ClearPathGameMode'
[2016.04.12-15.02.25:171][265]LogWorld: Bringing World /Game/ClearPath/UEDPIE_0_DefaultMap.DefaultMap up for play (max tick rate 0) at 2016.04.12-23.02.25
[2016.04.12-15.02.25:178][265]LogWorld: Bringing up level for play took: 0.010489
[2016.04.12-15.02.25:199][265]PIE: Info Play in editor start time for /Game/ClearPath/UEDPIE_0_DefaultMap -0.26
[2016.04.12-15.02.25:200][265]LogBlueprintUserMessages: Late PlayInEditor Detection: Level '/Game/ClearPath/DefaultMap.DefaultMap:PersistentLevel' has LevelScriptBlueprint '/Game/ClearPath/DefaultMap.DefaultMap:PersistentLevel.DefaultMap' with GeneratedClass '/Game/ClearPath/DefaultMap.DefaultMap_C' with ClassGeneratedBy '/Game/ClearPath/DefaultMap.DefaultMap:PersistentLevel.DefaultMap'
[2016.04.12-15.02.29:679][510]LogBlueprintUserMessages: Early EndPlayMap Detection: Level '/Game/ClearPath/DefaultMap.DefaultMap:PersistentLevel' has LevelScriptBlueprint '/Game/ClearPath/DefaultMap.DefaultMap:PersistentLevel.DefaultMap' with GeneratedClass '/Game/ClearPath/DefaultMap.DefaultMap_C' with ClassGeneratedBy '/Game/ClearPath/DefaultMap.DefaultMap:PersistentLevel.DefaultMap'
[2016.04.12-15.02.29:789][510]LogBlueprintUserMessages: Late EndPlayMap Detection: Level '/Game/ClearPath/DefaultMap.DefaultMap:PersistentLevel' has LevelScriptBlueprint '/Game/ClearPath/DefaultMap.DefaultMap:PersistentLevel.DefaultMap' with GeneratedClass '/Game/ClearPath/DefaultMap.DefaultMap_C' with ClassGeneratedBy '/Game/ClearPath/DefaultMap.DefaultMap:PersistentLevel.DefaultMap'
[2016.04.12-15.02.29:934][510]LogParticles: Destroying 0 GPU particle simulations for FXSystem 0x000000A24B0ED3A0
[2016.04.12-15.03.09:568][960]LogEditorViewport: Clicking on Actor (LMB): Passenger_C (Passenger2)
[2016.04.12-15.03.30:197][295]LogBlueprintUserMessages: Early PlayInEditor Detection: Level '/Game/ClearPath/DefaultMap.DefaultMap:PersistentLevel' has LevelScriptBlueprint '/Game/ClearPath/DefaultMap.DefaultMap:PersistentLevel.DefaultMap' with GeneratedClass '/Game/ClearPath/DefaultMap.DefaultMap_C' with ClassGeneratedBy '/Game/ClearPath/DefaultMap.DefaultMap:PersistentLevel.DefaultMap'
[2016.04.12-15.03.30:198][295]LogPlayLevel: PlayLevel: No blueprints needed recompiling
[2016.04.12-15.03.30:198][295]PIE: New page: PIE session: DefaultMap (Apr 13, 2016, 7:03:30 AM)
[2016.04.12-15.03.30:198][295]LogPlayLevel: Creating play world package: /Game/ClearPath/UEDPIE_0_DefaultMap
[2016.04.12-15.03.30:210][295]LogPlayLevel: PIE: StaticDuplicateObject took: (0.012228s)
[2016.04.12-15.03.30:211][295]LogAIModule: Creating AISystem for world DefaultMap
[2016.04.12-15.03.30:212][295]LogPlayLevel: PIE: World Init took: (0.001103s)
[2016.04.12-15.03.30:212][295]LogPlayLevel: PIE: Created PIE world by copying editor world from /Game/ClearPath/DefaultMap.DefaultMap to /Game/ClearPath/UEDPIE_0_DefaultMap.DefaultMap (0.014202s)
[2016.04.12-15.03.30:357][295]LogInit: XAudio2 using 'Speakers (MUSILAND M-Sword Digital)' : 2 channels at 44.1 kHz using 32 bits per sample (channel mask 0x3)
[2016.04.12-15.03.30:365][295]LogInit: FAudioDevice initialized.
[2016.04.12-15.03.30:465][295]LogWorld: Game class is 'ClearPathGameMode'
[2016.04.12-15.03.30:469][295]LogWorld: Bringing World /Game/ClearPath/UEDPIE_0_DefaultMap.DefaultMap up for play (max tick rate 0) at 2016.04.12-23.03.30
[2016.04.12-15.03.30:470][295]LogWorld: Bringing up level for play took: 0.003797
[2016.04.12-15.03.30:475][295]PIE: Info Play in editor start time for /Game/ClearPath/UEDPIE_0_DefaultMap 1.016
[2016.04.12-15.03.30:476][295]LogBlueprintUserMessages: Late PlayInEditor Detection: Level '/Game/ClearPath/DefaultMap.DefaultMap:PersistentLevel' has LevelScriptBlueprint '/Game/ClearPath/DefaultMap.DefaultMap:PersistentLevel.DefaultMap' with GeneratedClass '/Game/ClearPath/DefaultMap.DefaultMap_C' with ClassGeneratedBy '/Game/ClearPath/DefaultMap.DefaultMap:PersistentLevel.DefaultMap'
[2016.04.12-15.04.05:383][374]LogBlueprintUserMessages: Early EndPlayMap Detection: Level '/Game/ClearPath/DefaultMap.DefaultMap:PersistentLevel' has LevelScriptBlueprint '/Game/ClearPath/DefaultMap.DefaultMap:PersistentLevel.DefaultMap' with GeneratedClass '/Game/ClearPath/DefaultMap.DefaultMap_C' with ClassGeneratedBy '/Game/ClearPath/DefaultMap.DefaultMap:PersistentLevel.DefaultMap'
[2016.04.12-15.04.05:471][374]LogBlueprintUserMessages: Late EndPlayMap Detection: Level '/Game/ClearPath/DefaultMap.DefaultMap:PersistentLevel' has LevelScriptBlueprint '/Game/ClearPath/DefaultMap.DefaultMap:PersistentLevel.DefaultMap' with GeneratedClass '/Game/ClearPath/DefaultMap.DefaultMap_C' with ClassGeneratedBy '/Game/ClearPath/DefaultMap.DefaultMap:PersistentLevel.DefaultMap'
[2016.04.12-15.04.05:685][375]LogParticles: Destroying 0 GPU particle simulations for FXSystem 0x000000A2492E6F20
[2016.04.12-15.06.24:816][856]Recompiling ClearPath...
[2016.04.12-15.06.24:816][856]Launching UnrealBuildTool... [K:/UnrealEngine/Engine/Binaries/DotNET/UnrealBuildTool.exe ClearPath -ModuleWithSuffix ClearPath 6642 Win64 Debug -editorrecompile -canskiplink "K:/ClearPath/ClearPath.uproject"  -2015]
[2016.04.12-15.06.24:817][856]Warning: Starting HotReload took  0.0s.
[2016.04.12-15.06.29:722][ 27]CompilerResultsLog: New page: Compilation - Apr 13, 2016, 7:06:29 AM
[2016.04.12-15.06.29:723][ 27]CompilerResultsLog: Info Compiling game modules for hot reload
[2016.04.12-15.06.29:723][ 27]CompilerResultsLog: Info Performing 4 actions (4 in parallel)
[2016.04.12-15.06.29:723][ 27]CompilerResultsLog: Info NavComponent.cpp
[2016.04.12-15.06.29:723][ 27]CompilerResultsLog: Info Navigator.cpp
[2016.04.12-15.06.29:723][ 27]CompilerResultsLog: Info ClearPath.generated.cpp
[2016.04.12-15.06.29:723][ 27]CompilerResultsLog: Info [4/4] Link UE4Editor-ClearPath-6642-Win64-Debug.dll
[2016.04.12-15.06.29:723][ 27]CompilerResultsLog: Info    Creating library K:\ClearPath\Intermediate/Build/Win64\UE