[2016.04.07-15.33.18:081][  0]Log file open, 04/07/16 23:33:18
[2016.04.07-15.33.18:088][  0]LogInit:Display: Running engine for game: ClearPath
[2016.04.07-15.33.18:089][  0]LogPlatformFile: Not using cached read wrapper
[2016.04.07-15.33.18:089][  0]LogInit:Display: RandInit(-1564130705) SRandInit(-1564130703).
[2016.04.07-15.33.18:089][  0]LogTaskGraph: Started task graph with 4 named threads and 7 total threads.
[2016.04.07-15.33.18:089][  0]LogStats: Stats thread started at 4.288631
[2016.04.07-15.33.18:089][  0]LogInit:Warning: Incompatible or missing module: UE4Editor-ClearPath-Win64-Debug.dll
[2016.04.07-15.33.23:849][  0]Running K:/UnrealEngine/Engine/Binaries/DotNET/UnrealBuildTool.exe ClearPath Debug Win64 -project="K:/ClearPath/ClearPath.uproject" -editorrecompile -progress -noubtmakefiles -2015
[2016.04.07-15.33.40:488][  0]@progress push 5%
[2016.04.07-15.33.42:593][  0]@progress pop
[2016.04.07-15.33.56:607][  0]Performing 1 actions (4 in parallel)
[2016.04.07-15.33.56:608][  0][1/1] Link UE4Editor-ClearPath-Win64-Debug.dll
[2016.04.07-15.33.57:209][  0]   Creating library K:\ClearPath\Intermediate/Build/Win64\UE4Editor\Debug\UE4Editor-ClearPath-Win64-Debug.lib and object K:\ClearPath\Intermediate/Build/Win64\UE4Editor\Debug\UE4Editor-ClearPath-Win64-Debug.exp
[2016.04.07-15.33.57:511][  0]-------- End Detailed Actions Stats -----------------------------------------------------------
[2016.04.07-15.33.57:511][  0]Total build time: 33.56 seconds
[2016.04.07-15.33.58:466][  0]LogInit: Version: 4.10.1-0+++directive
[2016.04.07-15.33.58:466][  0]LogInit: API Version: 0
[2016.04.07-15.33.58:466][  0]LogInit: Compiled (64-bit): Apr  6 2016 22:26:37
[2016.04.07-15.33.58:466][  0]LogInit: Compiled with Visual C++: 19.00.23026.00
[2016.04.07-15.33.58:466][  0]LogInit: Build Configuration: Debug
[2016.04.07-15.33.58:467][  0]LogInit: Branch Name: ++directive
[2016.04.07-15.33.58:467][  0]LogInit: Command line:  -debug
[2016.04.07-15.33.58:467][  0]LogInit: Base directory: K:/UnrealEngine/Engine/Binaries/Win64/
[2016.04.07-15.33.58:467][  0]LogInit: Rocket: 0
[2016.04.07-15.33.58:503][  0]LogInit: Using libcurl 7.41.0
[2016.04.07-15.33.58:504][  0]LogInit:  - built for x86_64-pc-win32
[2016.04.07-15.33.58:504][  0]LogInit:  - supports SSL with WinSSL
[2016.04.07-15.33.58:504][  0]LogInit:  - other features:
[2016.04.07-15.33.58:504][  0]LogInit:      CURL_VERSION_SSL
[2016.04.07-15.33.58:504][  0]LogInit:      CURL_VERSION_IPV6
[2016.04.07-15.33.58:504][  0]LogInit:      CURL_VERSION_ASYNCHDNS
[2016.04.07-15.33.58:504][  0]LogInit:      CURL_VERSION_LARGEFILE
[2016.04.07-15.33.58:504][  0]LogInit:      CURL_VERSION_IDN
[2016.04.07-15.33.58:506][  0]LogInit:  CurlRequestOptions (configurable via config and command line):
[2016.04.07-15.33.58:506][  0]LogInit:  - bVerifyPeer = true  - Libcurl will verify peer certificate
[2016.04.07-15.33.58:506][  0]LogInit:  - bUseHttpProxy = false  - Libcurl will NOT use HTTP proxy
[2016.04.07-15.33.58:506][  0]LogInit:  - bDontReuseConnections = false  - Libcurl will reuse connections
[2016.04.07-15.33.58:506][  0]LogInit:  - CertBundlePath = nullptr  - Libcurl will use whatever was configured at build time.
[2016.04.07-15.33.58:833][  0]LogInit: Presizing for 0 objects not considered by GC, pre-allocating 0 bytes.
[2016.04.07-15.33.59:159][  0]LogInit: Object subsystem initialized
[2016.04.07-15.33.59:384][  0]LogInit: Selected Device Profile: [Windows]
[2016.04.07-15.33.59:384][  0]LogInit: Applying CVar settings loaded from the selected device profile: [Windows]
[2016.04.07-15.33.59:472][  0]LogInit: Computer: WANGSHIHA-PC
[2016.04.07-15.33.59:472][  0]LogInit: User: WangShihai
[2016.04.07-15.33.59:472][  0]LogInit: CPU Page size=4096, Cores=4
[2016.04.07-15.33.59:472][  0]LogInit: High frequency timer resolution =3.312646 MHz
[2016.04.07-15.33.59:473][  0]LogMemory: Memory total: Physical=15.9GB (16GB approx)
[2016.04.07-15.33.59:473][  0]LogMemory: Platform Memory Stats for Windows
[2016.04.07-15.33.59:473][  0]LogMemory: Process Physical Memory: 67.81 MB used, 67.81 MB peak
[2016.04.07-15.33.59:473][  0]LogMemory: Process Virtual Memory: 55.51 MB used, 55.51 MB peak
[2016.04.07-15.33.59:473][  0]LogMemory: Physical Memory: 5810.35 MB used, 16305.84 MB total
[2016.04.07-15.33.59:473][  0]LogMemory: Virtual Memory: 504.95 MB used, 134217728.00 MB total
[2016.04.07-15.34.00:020][  0]LogPhysics:Warning: PHYSX: ..\..\module\clothing\src\ModuleClothing.cpp (386) 2 : physx::apex::clothing::ModuleClothing::ModuleClothing: Failed to load the GPU dll 'APEX_ClothingGPUPROFILE_x64.dll'
[2016.04.07-15.34.00:073][  0]LogTextLocalizationManager: No specific translations for ('en-US') exist, so ('en') translations will be used.
[2016.04.07-15.34.01:669][  0]LogD3D11RHI: Found D3D11 adapter 0: NVIDIA GeForce GTX 660   (Feature Level 11_0)
[2016.04.07-15.34.01:669][  0]LogD3D11RHI: Adapter has 1988MB of dedicated video memory, 0MB of dedicated system memory, and 8152MB of shared system memory, 2 output[s]
[2016.04.07-15.34.01:674][  0]LogD3D11RHI: Found D3D11 adapter 1: Microsoft Basic Render Driver (Feature Level 11_0)
[2016.04.07-15.34.01:674][  0]LogD3D11RHI: Adapter has 0MB of dedicated video memory, 0MB of dedicated system memory, and 8152MB of shared system memory, 0 output[s]
[2016.04.07-15.34.01:674][  0]LogD3D11RHI: Chosen D3D11 Adapter Id = 0
[2016.04.07-15.34.01:678][  0]LogD3D11RHI: !Direct3DDevice
[2016.04.07-15.34.01:678][  0]LogRHI: Texture pool is 1361 MB (70% of 1945 MB)
[2016.04.07-15.34.01:696][  0]LogD3D11RHI: Async texture creation enabled
[2016.04.07-15.34.02:169][  0]LogShaderCompilers: Guid format shader working directory is 27 characters bigger than the processId version (../../../../ClearPath/Intermediate/Shaders/WorkingDirectory/10636/).
[2016.04.07-15.34.02:169][  0]LogShaderCompilers: Cleaned the shader compiler working directory 'C:/Users/WANGSH~1/AppData/Local/Temp/UnrealShaderWorkingDir/3749D6E542C0653FEC0C3ABDFFBB2DAD/'.
[2016.04.07-15.34.02:169][  0]LogShaderCompilers:Display: Using Local Shader Compiler.
[2016.04.07-15.34.05:405][  0]LogTemp:Display: Loaded TP AllDesktopTargetPlatform
[2016.04.07-15.34.05:492][  0]LogTemp:Display: Loaded TP WindowsClientTargetPlatform
[2016.04.07-15.34.05:586][  0]LogTemp:Display: Loaded TP WindowsNoEditorTargetPlatform
[2016.04.07-15.34.05:665][  0]LogTemp:Display: Loaded TP WindowsServerTargetPlatform
[2016.04.07-15.34.05:756][  0]LogTemp:Display: Loaded TP WindowsTargetPlatform
[2016.04.07-15.34.05:831][  0]LogTemp:Display: Loaded TP AndroidTargetPlatform
[2016.04.07-15.34.05:894][  0]LogTemp:Display: Loaded TP Android_ASTCTargetPlatform
[2016.04.07-15.34.05:993][  0]LogTemp:Display: Loaded TP Android_ATCTargetPlatform
[2016.04.07-15.34.06:068][  0]LogTemp:Display: Loaded TP Android_DXTTargetPlatform
[2016.04.07-15.34.06:131][  0]LogTemp:Display: Loaded TP Android_ETC1TargetPlatform
[2016.04.07-15.34.06:207][  0]LogTemp:Display: Loaded TP Android_ETC2TargetPlatform
[2016.04.07-15.34.06:373][  0]LogTemp:Display: Loaded TP Android_MultiTargetPlatform
[2016.04.07-15.34.06:373][  0]LogTemp:Display: Loaded TP Android_PVRTCTargetPlatform
[2016.04.07-15.34.06:441][  0]LogTemp:Display: Loaded TP HTML5TargetPlatform
[2016.04.07-15.34.06:703][  0]LogTemp:Display: Loaded TP IOSTargetPlatform
[2016.04.07-15.34.06:704][  0]LogTargetPlatformManager:Display: Building Assets For Windows
[2016.04.07-15.34.08:176][  0]LogDerivedDataCache:Display: Max Cache Size: 512 MB
[2016.04.07-15.34.08:261][  0]LogDerivedDataCache: Loaded boot cache 0.08s 78MB ../../../../ClearPath/DerivedDataCache/Boot.ddc.
[2016.04.07-15.34.08:261][  0]LogDerivedDataCache:Display: Loaded Boot cache: ../../../../ClearPath/DerivedDataCache/Boot.ddc
[2016.04.07-15.34.08:261][  0]LogDerivedDataCache: FDerivedDataBackendGraph:  Pak pak cache file ../../../../ClearPath/DerivedDataCache/DDC.ddp not found, will not use a pak cache.
[2016.04.07-15.34.08:261][  0]LogDerivedDataCache: Unable to find inner node Pak for hierarchical cache Hierarchy.
[2016.04.07-15.34.08:276][  0]LogDerivedDataCache: FDerivedDataBackendGraph:  EnginePak pak cache file ../../../Engine/DerivedDataCache/DDC.ddp not found, will not use a pak cache.
[2016.04.07-15.34.08:276][  0]LogDerivedDataCache: Unable to find inner node EnginePak for hierarchical cache Hierarchy.
[2016.04.07-15.34.08:289][  0]LogDerivedDataCache: Using Local data cache path ../../../Engine/DerivedDataCache: Writable
[2016.04.07-15.34.08:289][  0]LogDerivedDataCache: Shared data cache path not found in *engine.ini, will not use an Shared cache.
[2016.04.07-15.34.08:290][  0]LogDerivedDataCache: Unable to find inner node Shared for hierarchical cache Hierarchy.
[2016.04.07-15.34.17:855][  0]LogInit: Selected Device Profile: [Windows]
[2016.04.07-15.34.18:056][  0]LogContentStreaming: Texture pool size is 0.000000MB
[2016.04.07-15.34.20:194][  0]LogMeshUtilities: No automatic mesh reduction module available
[2016.04.07-15.34.20:194][  0]LogMeshUtilities: No automatic mesh merging module available
[2016.04.07-15.34.24:697][  0]LogInit: WinSock: version 1.1 (2.2), MaxSocks=32767, MaxUdp=65467
[2016.04.07-15.34.36:548][  0]UdpMessaging: Initializing bridge on interface 0.0.0.0:0 to multicast group 230.0.0.1:6666.
[2016.04.07-15.34.37:624][  0]LogAssetRegistry: FAssetRegistry took 0.0323 seconds to start up
[2016.04.07-15.34.43:348][  0]SourceControl: Info Source control is disabled
[2016.04.07-15.34.43:350][  0]SourceControl: Info Source control is disabled
[2016.04.07-15.34.43:888][  0]SourceControl: Info Source control is disabled
[2016.04.07-15.34.44:281][  0]SourceControl: Info Source control is disabled
[2016.04.07-15.34.47:966][  0]LogObj: 28630 objects as part of root set at end of initial load.
[2016.04.07-15.34.47:967][  0]LogUObjectAllocator: 6100488 out of 0 bytes used by permanent object pool.
[2016.04.07-15.34.48:923][  0]LogEngine: Initializing Engine...
[2016.04.07-15.34.48:943][  0]LogHMD: Can't find Oculus library dev build: is proper Runtime installed? Version: 0.8.0.0
[2016.04.07-15.34.48:959][  0]LogHMD: SteamVR failed to initialize.  Err: 110
[2016.04.07-15.34.49:959][  0]LogAIModule: Creating AISystem for world NewWorld
[2016.04.07-15.34.50:053][  0]LogInit: XAudio2 using 'Speakers (MUSILAND M-Sword Digital)' : 2 channels at 44.1 kHz using 32 bits per sample (channel mask 0x3)
[2016.04.07-15.34.50:076][  0]LogInit: FAudioDevice initialized.
[2016.04.07-15.34.50:124][  0]LogDerivedDataCache: Saved boot cache 0.05s 99MB ../../../../ClearPath/DerivedDataCache/Boot.ddc.
[2016.04.07-15.34.50:136][  0]LogInit: Texture streaming: Enabled
[2016.04.07-15.34.50:379][  0]LogInit: Transaction tracking system initialized
[2016.04.07-15.34.51:148][  0]BlueprintLog: New page: Editor Load
[2016.04.07-15.34.54:005][  0]LocalizationService: Info Localization service is disabled
[2016.04.07-15.34.56:021][  0]LogConsoleResponse:Display: 
[2016.04.07-15.34.57:197][  0]LogFileCache: Scanning file cache for directory 'K:/ClearPath/Content/' took 0.02s
[2016.04.07-15.34.57:197][  0]LogCook:Display: Done creating registry. It took  0.00s.
[2016.04.07-15.34.58:023][  0]SourceControl: Info Source control is disabled
[2016.04.07-15.34.58:099][  0]LogFactory: FactoryCreateBinary: PackFactory with PackFactory (0 0 K:/UnrealEngine/FeaturePacks/StarterContent.upack)
[2016.04.07-15.34.58:152][  0]LogPackFactory: Finished extracting 8 files (including 0 errors).
[2016.04.07-15.34.58:157][  0]LogPackFactory: Copied "../../../Samples/StarterContent/Content/StarterContent/Architecture/Floor_400x400.uasset" to "../../../../ClearPath/Content/StarterContent/Architecture/Floor_400x400.uasset"
[2016.04.07-15.34.58:164][  0]LogPackFactory: Copied "../../../Samples/StarterContent/Content/StarterContent/Architecture/Pillar_50x500.uasset" to "../../../../ClearPath/Content/StarterContent/Architecture/Pillar_50x500.uasset"
[2016.04.07-15.34.58:174][  0]LogPackFactory: Copied "../../../Samples/StarterContent/Content/StarterContent/Architecture/SM_AssetPlatform.uasset" to "../../../../ClearPath/Content/StarterContent/Architecture/SM_AssetPlatform.uasset"
[2016.04.07-15.34.58:180][  0]LogPackFactory: Copied "../../../Samples/StarterContent/Content/StarterContent/Architecture/Wall_400x200.uasset" to "../../../../ClearPath/Content/StarterContent/Architecture/Wall_400x200.uasset"
[2016.04.07-15.34.58:185][  0]LogPackFactory: Copied "../../../Samples/StarterContent/Content/StarterContent/Architecture/Wall_400x300.uasset" to "../../../../ClearPath/Content/StarterContent/Architecture/Wall_400x300.uasset"
[2016.04.07-15.34.58:191][  0]LogPackFactory: Copied "../../../Samples/StarterContent/Content/StarterContent/Architecture/Wall_400x400.uasset" to "../../../../ClearPath/Content/StarterContent/Architecture/Wall_400x400.uasset"
[2016.04.07-15.34.58:197][  0]LogPackFactory: Copied "../../../Samples/StarterContent/Content/StarterContent/Architecture/Wall_500x500.uasset" to "../../../../ClearPath/Content/StarterContent/Architecture/Wall_500x500.uasset"
[2016.04.07-15.34.58:202][  0]LogPackFactory: Copied "../../../Samples/StarterContent/Content/StarterContent/Architecture/Wall_Door_400x300.uasset" to "../../../../ClearPath/Content/StarterContent/Architecture/Wall_Door_400x300.uasset"
[2016.04.07-15.34.58:208][  0]LogPackFactory: Copied "../../../Samples/StarterContent/Content/StarterContent/Architecture/Wall_Door_400x400.uasset" to "../../../../ClearPath/Content/StarterContent/Architecture/Wall_Door_400x400.uasset"
[2016.04.07-15.34.58:214][  0]LogPackFactory: Copied "../../../Samples/StarterContent/Content/StarterContent/Architecture/Wall_Window_400x300.uasset" to "../../../../ClearPath/Content/StarterContent/Architecture/Wall_Window_400x300.uasset"
[2016.04.07-15.34.58:219][  0]LogPackFactory: Copied "../../../Samples/StarterContent/Content/StarterContent/Architecture/Wall_Window_400x400.uasset" to "../../../../ClearPath/Content/StarterContent/Architecture/Wall_Window_400x400.uasset"
[2016.04.07-15.34.58:226][  0]LogPackFactory: Copied "../../../Samples/StarterContent/Content/StarterContent/Audio/Collapse01.uasset" to "../../../../ClearPath/Content/StarterContent/Audio/Collapse01.uasset"
[2016.04.07-15.34.58:234][  0]LogPackFactory: Copied "../../../Samples/StarterContent/Content/StarterContent/Audio/Collapse02.uasset" to "../../../../ClearPath/Content/StarterContent/Audio/Collapse02.uasset"
[2016.04.07-15.34.58:237][  0]LogPackFactory: Copied "../../../Samples/StarterContent/Content/StarterContent/Audio/Collapse_Cue.uasset" to "../../../../ClearPath/Content/StarterContent/Audio/Collapse_Cue.uasset"
[2016.04.07-15.34.58:246][  0]LogPackFactory: Copied "../../../Samples/StarterContent/Content/StarterContent/Audio/Explosion01.uasset" to "../../../../ClearPath/Content/StarterContent/Audio/Explosion01.uasset"
[2016.04.07-15.34.58:253][  0]LogPackFactory: Copied "../../../Samples/StarterContent/Content/StarterContent/Audio/Explosion02.uasset" to "../../../../ClearPath/Content/StarterContent/Audio/Explosion02.uasset"
[2016.04.07-15.34.58:257][  0]LogPackFactory: Copied "../../../Samples/StarterContent/Content/StarterContent/Audio/Explosion_Cue.uasset" to "../../../../ClearPath/Content/StarterContent/Audio/Explosion_Cue.uasset"
[2016.04.07-15.34.58:265][  0]LogPackFactory: Copied "../../../Samples/StarterContent/Content/StarterContent/Audio/Fire01.uasset" to "../../../../ClearPath/Content/StarterContent/Audio/Fire01.uasset"
[2016.04.07-15.34.58:268][  0]LogPackFactory: Copied "../../../Samples/StarterContent/Content/StarterContent/Audio/Fire01_Cue.uasset" to "../../../../ClearPath/Content/StarterContent/Audio/Fire01_Cue.uasset"
[2016.04.07-15.34.58:279][  0]LogPackFactory: Copied "../../../Samples/StarterContent/Content/StarterContent/Audio/Fire_Sparks01.uasset" to "../../../../ClearPath/Content/StarterContent/Audio/Fire_Sparks01.uasset"
[2016.04.07-15.34.58:283][  0]LogPackFactory: Copied "../../../Samples/StarterContent/Content/StarterContent/Audio/Fire_Sparks01_Cue.uasset" to "../../../../ClearPath/Content/StarterContent/Audio/Fire_Sparks01_Cue.uasset"
[2016.04.07-15.34.58:291][  0]LogPackFactory: Copied "../../../Samples/StarterContent/Content/StarterContent/Audio/Light01.uasset" to "../../../../ClearPath/Content/StarterContent/Audio/Light01.uasset"
[2016.04.07-15.34.58:294][  0]LogPackFactory: Copied "../../../Samples/StarterContent/Content/StarterContent/Audio/Light01_Cue.uasset" to "../../../../ClearPath/Content/StarterContent/Audio/Light01_Cue.uasset"
[2016.04.07-15.34.58:301][  0]LogPackFactory: Copied "../../../Samples/StarterContent/Content/StarterContent/Audio/Light02.uasset" to "../../../../ClearPath/Content/StarterContent/Audio/Light02.uasset"
[2016.04.07-15.34.58:305][  0]LogPackFactory: Copied "../../../Samples/StarterContent/Content/StarterContent/Audio/Light02_Cue.uasset" to "../../../../ClearPath/Content/StarterContent/Audio/Light02_Cue.uasset"
[2016.04.07-15.34.58:313][  0]LogPackFactory: Copied "../../../Samples/StarterContent/Content/StarterContent/Audio/Smoke01.uasset" to "../../../../ClearPath/Content/StarterContent/Audio/Smoke01.uasset"
[2016.04.07-15.34.58:317][  0]LogPackFactory: Copied "../../../Samples/StarterContent/Content/StarterContent/Audio/Smoke01_Cue.uasset" to "../../../../ClearPath/Content/StarterContent/Audio/Smoke01_Cue.uasset"
[2016.04.07-15.34.58:324][  0]LogPackFactory: Copied "../../../Samples/StarterContent/Content/StarterContent/Audio/Starter_Background_Cue.uasset" to "../../../../ClearPath/Content/StarterContent/Audio/Starter_Background_Cue.uasset"
[2016.04.07-15.34.58:364][  0]LogPackFactory: Copied "../../../Samples/StarterContent/Content/StarterContent/Audio/Starter_Birds01.uasset" to "../../../../ClearPath/Content/StarterContent/Audio/Starter_Birds01.uasset"
[2016.04.07-15.34.58:438][  0]LogPackFactory: Copied "../../../Samples/StarterContent/Content/StarterContent/Audio/Starter_Music01.uasset" to "../../../../ClearPath/Content/StarterContent/Audio/Starter_Music01.uasset"
[2016.04.07-15.34.58:482][  0]LogPackFactory: Copied "../../../Samples/StarterContent/Content/StarterContent/Audio/Starter_Music_Cue.uasset" to "../../../../ClearPath/Content/StarterContent/Audio/Starter_Music_Cue.uasset"
[2016.04.07-15.34.58:510][  0]LogPackFactory: Copied "../../../Samples/StarterContent/Content/StarterContent/Audio/Starter_Wind05.uasset" to "../../../../ClearPath/Content/StarterContent/Audio/Starter_Wind05.uasset"
[2016.04.07-15.34.58:534][  0]LogPackFactory: Copied "../../../Samples/StarterContent/Content/StarterContent/Audio/Starter_Wind06.uasset" to "../../../../ClearPath/Content/StarterContent/Audio/Starter_Wind06.uasset"
[2016.04.07-15.34.58:544][  0]LogPackFactory: Copied "../../../Samples/StarterContent/Content/StarterContent/Audio/Steam01.uasset" to "../../../../ClearPath/Content/StarterContent/Audio/Steam01.uasset"
[2016.04.07-15.34.58:548][  0]LogPackFactory: Copied "../../../Samples/StarterContent/Content/StarterContent/Audio/Steam01_Cue.uasset" to "../../../../ClearPath/Content/StarterContent/Audio/Steam01_Cue.uasset"
[2016.04.07-15.34.58:556][  0]LogPackFactory: Copied "../../../Samples/StarterContent/Content/StarterContent/Blueprints/Blueprint_CeilingLight.uasset" to "../../../../ClearPath/Content/StarterContent/Blueprints/Blueprint_CeilingLight.uasset"
[2016.04.07-15.34.58:564][  0]LogPackFactory: Copied "../../../Samples/StarterContent/Content/StarterContent/Blueprints/Blueprint_Effect_Explosion.uasset" to "../../../../ClearPath/Content/StarterContent/Blueprints/Blueprint_Effect_Explosion.uasset"
[2016.04.07-15.34.58:570][  0]LogPackFactory: Copied "../../../Samples/StarterContent/Content/StarterContent/Blueprints/Blueprint_Effect_Fire.uasset" to "../../../../ClearPath/Content/StarterContent/Blueprints/Blueprint_Effect_Fire.uasset"
[2016.04.07-15.34.58:577][  0]LogPackFactory: Copied "../../../Samples/StarterContent/Content/StarterContent/Blueprints/Blueprint_Effect_Smoke.uasset" to "../../../../ClearPath/Content/StarterContent/Blueprints/Blueprint_Effect_Smoke.uasset"
[2016.04.07-15.34.58:583][  0]LogPackFactory: Copied "../../../Samples/StarterContent/Content/StarterContent/Blueprints/Blueprint_Effect_Sparks.uasset" to "../../../../ClearPath/Content/StarterContent/Blueprints/Blueprint_Effect_Sparks.uasset"
[2016.04.07-15.34.58:589][  0]LogPackFactory: Copied "../../../Samples/StarterContent/Content/StarterContent/Blueprints/Blueprint_Effect_Steam.uasset" to "../../../../ClearPath/Content/StarterContent/Blueprints/Blueprint_Effect_Steam.uasset"
[2016.04.07-15.34.58:596][  0]LogPackFactory: Copied "../../../Samples/StarterContent/Content/StarterContent/Blueprints/Blueprint_WallSconce.uasset" to "../../../../ClearPath/Content/StarterContent/Blueprints/Blueprint_WallSconce.uasset"
[2016.04.07-15.34.58:603][  0]LogPackFactory: Copied "../../../Samples/StarterContent/Content/StarterContent/Blueprints/BP_LightStudio.uasset" to "../../../../ClearPath/Content/StarterContent/Blueprints/BP_LightStudio.uasset"
[2016.04.07-15.34.58:606][  0]LogPackFactory: Copied "../../../Samples/StarterContent/Content/StarterContent/Blueprints/Assets/FogBrightnessLUT.uasset" to "../../../../ClearPath/Content/StarterContent/Blueprints/Assets/FogBrightnessLUT.uasset"
[2016.04.07-15.34.58:612][  0]LogPackFactory: Copied "../../../Samples/StarterContent/Content/StarterContent/Blueprints/Assets/M_LightStage_Arrows.uasset" to "../../../../ClearPath/Content/StarterContent/Blueprints/Assets/M_LightStage_Arrows.uasset"
[2016.04.07-15.34.58:618][  0]LogPackFactory: Copied "../../../Samples/StarterContent/Content/StarterContent/Blueprints/Assets/M_LightStage_Skybox_Black.uasset" to "../../../../ClearPath/Content/StarterContent/Blueprints/Assets/M_LightStage_Skybox_Black.uasset"
[2016.04.07-15.34.58:623][  0]LogPackFactory: Copied "../../../Samples/StarterContent/Content/StarterContent/Blueprints/Assets/M_LightStage_Skybox_HDRI.uasset" to "../../../../ClearPath/Content/StarterContent/Blueprints/Assets/M_LightStage_Skybox_HDRI.uasset"
[2016.04.07-15.34.58:630][  0]LogPackFactory: Copied "../../../Samples/StarterContent/Content/StarterContent/Blueprints/Assets/M_LightStage_Skybox_Master.uasset" to "../../../../ClearPath/Content/StarterContent/Blueprints/Assets/M_LightStage_Skybox_Master.uasset"
[2016.04.07-15.34.58:639][  0]LogPackFactory: Copied "../../../Samples/StarterContent/Content/StarterContent/Blueprints/Assets/Skybox.uasset" to "../../../../ClearPath/Content/StarterContent/Blueprints/Assets/Skybox.uasset"
[2016.04.07-15.34.58:648][  0]LogPackFactory: Copied "../../../Samples/StarterContent/Content/StarterContent/Blueprints/Assets/SM_Arrows.uasset" to "../../../../ClearPath/Content/StarterContent/Blueprints/Assets/SM_Arrows.uasset"
[2016.04.07-15.34.58:651][  0]LogPackFactory: Copied "../../../Samples/StarterContent/Content/StarterContent/Blueprints/Assets/SunlightColorLUT.uasset" to "../../../../ClearPath/Content/StarterContent/Blueprints/Assets/SunlightColorLUT.uasset"
[2016.04.07-15.34.59:138][  0]LogPackFactory: Copied "../../../Samples/StarterContent/Content/StarterContent/HDRI/HDRI_Epic_Courtyard_Daylight.uasset" to "../../../../ClearPath/Content/StarterContent/HDRI/HDRI_Epic_Courtyard_Daylight.uasset"
[2016.04.07-15.34.59:145][  0]LogPackFactory: Copied "../../../Samples/StarterContent/Content/StarterContent/Maps/Advanced_Lighting.umap" to "../../../../ClearPath/Content/StarterContent/Maps/Advanced_Lighting.umap"
[2016.04.07-15.34.59:174][  0]LogPackFactory: Copied "../../../Samples/StarterContent/Content/StarterContent/Maps/Minimal_Default.umap" to "../../../../ClearPath/Content/StarterContent/Maps/Minimal_Default.umap"
[2016.04.07-15.34.59:276][  0]LogPackFactory: Copied "../../../Samples/StarterContent/Content/StarterContent/Maps/StarterMap.umap" to "../../../../ClearPath/Content/StarterContent/Maps/StarterMap.umap"
[2016.04.07-15.34.59:282][  0]LogPackFactory: Copied "../../../Samples/StarterContent/Content/StarterContent/Materials/M_AssetPlatform.uasset" to "../../../../ClearPath/Content/StarterContent/Materials/M_AssetPlatform.uasset"
[2016.04.07-15.34.59:288][  0]LogPackFactory: Copied "../../../Samples/StarterContent/Content/StarterContent/Materials/M_Basic_Floor.uasset" to "../../../../ClearPath/Content/StarterContent/Materials/M_Basic_Floor.uasset"
[2016.04.07-15.34.59:294][  0]LogPackFactory: Copied "../../../Samples/StarterContent/Content/StarterContent/Materials/M_Basic_Wall.uasset" to "../../../../ClearPath/Content/StarterContent/Materials/M_Basic_Wall.uasset"
[2016.04.07-15.34.59:300][  0]LogPackFactory: Copied "../../../Samples/StarterContent/Content/StarterContent/Materials/M_Brick_Clay_Beveled.uasset" to "../../../../ClearPath/Content/StarterContent/Materials/M_Brick_Clay_Beveled.uasset"
[2016.04.07-15.34.59:306][  0]LogPackFactory: Copied "../../../Samples/StarterContent/Content/StarterContent/Materials/M_Brick_Clay_New.uasset" to "../../../../ClearPath/Content/StarterContent/Materials/M_Brick_Clay_New.uasset"
[2016.04.07-15.34.59:312][  0]LogPackFactory: Copied "../../../Samples/StarterContent/Content/StarterContent/Materials/M_Brick_Clay_Old.uasset" to "../../../../ClearPath/Content/StarterContent/Materials/M_Brick_Clay_Old.uasset"
[2016.04.07-15.34.59:318][  0]LogPackFactory: Copied "../../../Samples/StarterContent/Content/StarterContent/Materials/M_Brick_Cut_Stone.uasset" to "../../../../ClearPath/Content/StarterContent/Materials/M_Brick_Cut_Stone.uasset"
[2016.04.07-15.34.59:323][  0]LogPackFactory: Copied "../../../Samples/StarterContent/Content/StarterContent/Materials/M_Brick_Hewn_Stone.uasset" to "../../../../ClearPath/Content/StarterContent/Materials/M_Brick_Hewn_Stone.uasset"
[2016.04.07-15.34.59:329][  0]LogPackFactory: Copied "../../../Samples/StarterContent/Content/StarterContent/Materials/M_Ceramic_Tile_Checker.uasset" to "../../../../ClearPath/Content/StarterContent/Materials/M_Ceramic_Tile_Checker.uasset"
[2016.04.07-15.34.59:334][  0]LogPackFactory: Copied "../../../Samples/StarterContent/Content/StarterContent/Materials/M_CobbleStone_Pebble.uasset" to "../../../../ClearPath/Content/StarterContent/Materials/M_CobbleStone_Pebble.uasset"
[2016.04.07-15.34.59:341][  0]LogPackFactory: Copied "../../../Samples/StarterContent/Content/StarterContent/Materials/M_CobbleStone_Rough.uasset" to "../../../../ClearPath/Content/StarterContent/Materials/M_CobbleStone_Rough.uasset"
[2016.04.07-15.34.59:347][  0]LogPackFactory: Copied "../../../Samples/StarterContent/Content/StarterContent/Materials/M_CobbleStone_Smooth.uasset" to "../../../../ClearPath/Content/StarterContent/Materials/M_CobbleStone_Smooth.uasset"
[2016.04.07-15.34.59:353][  0]LogPackFactory: Copied "../../../Samples/StarterContent/Content/StarterContent/Materials/M_ColorGrid_LowSpec.uasset" to "../../../../ClearPath/Content/StarterContent/Materials/M_ColorGrid_LowSpec.uasset"
[2016.04.07-15.34.59:358][  0]LogPackFactory: Copied "../../../Samples/StarterContent/Content/StarterContent/Materials/M_Concrete_Grime.uasset" to "../../../../ClearPath/Content/StarterContent/Materials/M_Concrete_Grime.uasset"
[2016.04.07-15.34.59:365][  0]LogPackFactory: Copied "../../../Samples/StarterContent/Content/StarterContent/Materials/M_Concrete_Panels.uasset" to "../../../../ClearPath/Content/StarterContent/Materials/M_Concrete_Panels.uasset"
[2016.04.07-15.34.59:371][  0]LogPackFactory: Copied "../../../Samples/StarterContent/Content/StarterContent/Materials/M_Concrete_Poured.uasset" to "../../../../ClearPath/Content/StarterContent/Materials/M_Concrete_Poured.uasset"
[2016.04.07-15.34.59:387][  0]LogPackFactory: Copied "../../../Samples/StarterContent/Content/StarterContent/Materials/M_Concrete_Tiles.uasset" to "../../../../ClearPath/Content/StarterContent/Materials/M_Concrete_Tiles.uasset"
[2016.04.07-15.34.59:395][  0]LogPackFactory: Copied "../../../Samples/StarterContent/Content/StarterContent/Materials/M_Glass.uasset" to "../../../../ClearPath/Content/StarterContent/Materials/M_Glass.uasset"
[2016.04.07-15.34.59:402][  0]LogPackFactory: Copied "../../../Samples/StarterContent/Content/StarterContent/Materials/M_Ground_Grass.uasset" to "../../../../ClearPath/Content/StarterContent/Materials/M_Ground_Grass.uasset"
[2016.04.07-15.34.59:407][  0]LogPackFactory: Copied "../../../Samples/StarterContent/Content/StarterContent/Materials/M_Ground_Gravel.uasset" to "../../../../ClearPath/Content/StarterContent/Materials/M_Ground_Gravel.uasset"
[2016.04.07-15.34.59:413][  0]LogPackFactory: Copied "../../../Samples/StarterContent/Content/StarterContent/Materials/M_Ground_Moss.uasset" to "../../../../ClearPath/Content/StarterContent/Materials/M_Ground_Moss.uasset"
[2016.04.07-15.34.59:418][  0]LogPackFactory: Copied "../../../Samples/StarterContent/Content/StarterContent/Materials/M_Metal_Brushed_Nickel.uasset" to "../../../../ClearPath/Content/StarterContent/Materials/M_Metal_Brushed_Nickel.uasset"
[2016.04.07-15.34.59:424][  0]LogPackFactory: Copied "../../../Samples/StarterContent/Content/StarterContent/Materials/M_Metal_Burnished_Steel.uasset" to "../../../../ClearPath/Content/StarterContent/Materials/M_Metal_Burnished_Steel.uasset"
[2016.04.07-15.34.59:431][  0]LogPackFactory: Copied "../../../Samples/StarterContent/Content/StarterContent/Materials/M_Metal_Chrome.uasset" to "../../../../ClearPath/Content/StarterContent/Materials/M_Metal_Chrome.uasset"
[2016.04.07-15.34.59:437][  0]LogPackFactory: Copied "../../../Samples/StarterContent/Content/StarterContent/Materials/M_Metal_Copper.uasset" to "../../../../ClearPath/Content/StarterContent/Materials/M_Metal_Copper.uasset"
[2016.04.07-15.34.59:443][  0]LogPackFactory: Copied "../../../Samples/StarterContent/Content/StarterContent/Materials/M_Metal_Gold.uasset" to "../../../../ClearPath/Content/StarterContent/Materials/M_Metal_Gold.uasset"
[2016.04.07-15.34.59:451][  0]LogPackFactory: Copied "../../../Samples/StarterContent/Content/StarterContent/Materials/M_Metal_Rust.uasset" to "../../../../ClearPath/Content/StarterContent/Materials/M_Metal_Rust.uasset"
[2016.04.07-15.34.59:457][  0]LogPackFactory: Copied "../../../Samples/StarterContent/Content/StarterContent/Materials/M_Metal_Steel.uasset" to "../../../../ClearPath/Content/StarterContent/Materials/M_Metal_Steel.uasset"
[2016.04.07-15.34.59:464][  0]LogPackFactory: Copied "../../../Samples/StarterContent/Content/StarterContent/Materials/M_Rock_Basalt.uasset" to "../../../../ClearPath/Content/StarterContent/Materials/M_Rock_Basalt.uasset"
[2016.04.07-15.34.59:470][  0]LogPackFactory: Copied "../../../Samples/StarterContent/Content/StarterContent/Materials/M_Rock_Marble_Polished.uasset" to "../../../../ClearPath/Content/StarterContent/Materials/M_Rock_Marble_Polished.uasset"
[2016.04.07-15.34.59:476][  0]LogPackFactory: Copied "../../../Samples/StarterContent/Content/StarterContent/Materials/M_Rock_Sandstone.uasset" to "../../../../ClearPath/Content/StarterContent/Materials/M_Rock_Sandstone.uasset"
[2016.04.07-15.34.59:481][  0]LogPackFactory: Copied "../../../Samples/StarterContent/Content/StarterContent/Materials/M_Rock_Slate.uasset" to "../../../../ClearPath/Content/StarterContent/Materials/M_Rock_Slate.uasset"
[2016.04.07-15.34.59:487][  0]LogPackFactory: Copied "../../../Samples/StarterContent/Content/StarterContent/Materials/M_Tech_Checker_Dot.uasset" to "../../../../ClearPath/Content/StarterContent/Materials/M_Tech_Checker_Dot.uasset"
[2016.04.07-15.34.59:494][  0]LogPackFactory: Copied "../../../Samples/StarterContent/Content/StarterContent/Materials/M_Tech_Hex_Tile.uasset" to "../../../../ClearPath/Content/StarterContent/Materials/M_Tech_Hex_Tile.uasset"
[2016.04.07-15.34.59:500][  0]LogPackFactory: Copied "../../../Samples/StarterContent/Content/StarterContent/Materials/M_Tech_Hex_Tile_Pulse.uasset" to "../../../../ClearPath/Content/StarterContent/Materials/M_Tech_Hex_Tile_Pulse.uasset"
[2016.04.07-15.34.59:505][  0]LogPackFactory: Copied "../../../Samples/StarterContent/Content/StarterContent/Materials/M_Tech_Panel.uasset" to "../../../../ClearPath/Content/StarterContent/Materials/M_Tech_Panel.uasset"
[2016.04.07-15.34.59:511][  0]LogPackFactory: Copied "../../../Samples/StarterContent/Content/StarterContent/Materials/M_Water_Lake.uasset" to "../../../../ClearPath/Content/StarterContent/Materials/M_Water_Lake.uasset"
[2016.04.07-15.34.59:518][  0]LogPackFactory: Copied "../../../Samples/StarterContent/Content/StarterContent/Materials/M_Water_Ocean.uasset" to "../../../../ClearPath/Content/StarterContent/Materials/M_Water_Ocean.uasset"
[2016.04.07-15.34.59:535][  0]LogPackFactory: Copied "../../../Samples/StarterContent/Content/StarterContent/Materials/M_Wood_Floor_Walnut_Polished.uasset" to "../../../../ClearPath/Content/StarterContent/Materials/M_Wood_Floor_Walnut_Polished.uasset"
[2016.04.07-15.34.59:540][  0]LogPackFactory: Copied "../../../Samples/StarterContent/Content/StarterContent/Materials/M_Wood_Floor_Walnut_Worn.uasset" to "../../../../ClearPath/Content/StarterContent/Materials/M_Wood_Floor_Walnut_Worn.uasset"
[2016.04.07-15.34.59:546][  0]LogPackFactory: Copied "../../../Samples/StarterContent/Content/StarterContent/Materials/M_Wood_Oak.uasset" to "../../../../ClearPath/Content/StarterContent/Materials/M_Wood_Oak.uasset"
[2016.04.07-15.34.59:551][  0]LogPackFactory: Copied "../../../Samples/StarterContent/Content/StarterContent/Materials/M_Wood_Pine.uasset" to "../../../../ClearPath/Content/StarterContent/Materials/M_Wood_Pine.uasset"
[2016.04.07-15.34.59:557][  0]LogPackFactory: Copied "../../../Samples/StarterContent/Content/StarterContent/Materials/M_Wood_Walnut.uasset" to "../../../../ClearPath/Content/StarterContent/Materials/M_Wood_Walnut.uasset"
[2016.04.07-15.34.59:563][  0]LogPackFactory: Copied "../../../Samples/StarterContent/Content/StarterContent/Particles/P_Ambient_Dust.uasset" to "../../../../ClearPath/Content/StarterContent/Particles/P_Ambient_Dust.uasset"
[2016.04.07-15.34.59:569][  0]LogPackFactory: Copied "../../../Samples/StarterContent/Content/StarterContent/Particles/P_Explosion.uasset" to "../../../../ClearPath/Content/StarterContent/Particles/P_Explosion.uasset"
[2016.04.07-15.34.59:576][  0]LogPackFactory: Copied "../../../Samples/StarterContent/Content/StarterContent/Particles/P_Fire.uasset" to "../../../../ClearPath/Content/StarterContent/Particles/P_Fire.uasset"
[2016.04.07-15.34.59:583][  0]LogPackFactory: Copied "../../../Samples/StarterContent/Content/StarterContent/Particles/P_Smoke.uasset" to "../../../../ClearPath/Content/StarterContent/Particles/P_Smoke.uasset"
[2016.04.07-15.34.59:590][  0]LogPackFactory: Copied "../../../Samples/StarterContent/Content/StarterContent/Particles/P_Sparks.uasset" to "../../../../ClearPath/Content/StarterContent/Particles/P_Sparks.uasset"
[2016.04.07-15.34.59:598][  0]LogPackFactory: Copied "../../../Samples/StarterContent/Content/StarterContent/Particles/P_Steam_Lit.uasset" to "../../../../ClearPath/Content/StarterContent/Particles/P_Steam_Lit.uasset"
[2016.04.07-15.34.59:605][  0]LogPackFactory: Copied "../../../Samples/StarterContent/Content/StarterContent/Particles/Materials/M_Burst.uasset" to "../../../../ClearPath/Content/StarterContent/Particles/Materials/M_Burst.uasset"
[2016.04.07-15.34.59:612][  0]LogPackFactory: Copied "../../../Samples/StarterContent/Content/StarterContent/Particles/Materials/M_Dust_Particle.uasset" to "../../../../ClearPath/Content/StarterContent/Particles/Materials/M_Dust_Particle.uasset"
[2016.04.07-15.34.59:618][  0]LogPackFactory: Copied "../../../Samples/StarterContent/Content/StarterContent/Particles/Materials/M_explosion_subUV.uasset" to "../../../../ClearPath/Content/StarterContent/Particles/Materials/M_explosion_subUV.uasset"
[2016.04.07-15.34.59:623][  0]LogPackFactory: Copied "../../../Samples/StarterContent/Content/StarterContent/Particles/Materials/M_Fire_SubUV.uasset" to "../../../../ClearPath/Content/StarterContent/Particles/Materials/M_Fire_SubUV.uasset"
[2016.04.07-15.34.59:629][  0]LogPackFactory: Copied "../../../Samples/StarterContent/Content/StarterContent/Particles/Materials/m_flare_01.uasset" to "../../../../ClearPath/Content/StarterContent/Particles/Materials/m_flare_01.uasset"
[2016.04.07-15.34.59:634][  0]LogPackFactory: Copied "../../../Samples/StarterContent/Content/StarterContent/Particles/Materials/M_Heat_Distortion.uasset" to "../../../../ClearPath/Content/StarterContent/Particles/Materials/M_Heat_Distortion.uasset"
[2016.04.07-15.34.59:640][  0]LogPackFactory: Copied "../../../Samples/StarterContent/Content/StarterContent/Particles/Materials/M_Radial_Gradient.uasset" to "../../../../ClearPath/Content/StarterContent/Particles/Materials/M_Radial_Gradient.uasset"
[2016.04.07-15.34.59:645][  0]LogPackFactory: Copied "../../../Samples/StarterContent/Content/StarterContent/Particles/Materials/M_radial_ramp.uasset" to "../../../../ClearPath/Content/StarterContent/Particles/Materials/M_radial_ramp.uasset"
[2016.04.07-15.34.59:651][  0]LogPackFactory: Copied "../../../Samples/StarterContent/Content/StarterContent/Particles/Materials/M_smoke_subUV.uasset" to "../../../../ClearPath/Content/StarterContent/Particles/Materials/M_smoke_subUV.uasset"
[2016.04.07-15.34.59:656][  0]LogPackFactory: Copied "../../../Samples/StarterContent/Content/StarterContent/Particles/Materials/M_Spark.uasset" to "../../../../ClearPath/Content/StarterContent/Particles/Materials/M_Spark.uasset"
[2016.04.07-15.34.59:662][  0]LogPackFactory: Copied "../../../Samples/StarterContent/Content/StarterContent/Props/MaterialSphere.uasset" to "../../../../ClearPath/Content/StarterContent/Props/MaterialSphere.uasset"
[2016.04.07-15.34.59:668][  0]LogPackFactory: Copied "../../../Samples/StarterContent/Content/StarterContent/Props/SM_Bush.uasset" to "../../../../ClearPath/Content/StarterContent/Props/SM_Bush.uasset"
[2016.04.07-15.34.59:674][  0]LogPackFactory: Copied "../../../Samples/StarterContent/Content/StarterContent/Props/SM_Chair.uasset" to "../../../../ClearPath/Content/StarterContent/Props/SM_Chair.uasset"
[2016.04.07-15.34.59:690][  0]LogPackFactory: Copied "../../../Samples/StarterContent/Content/StarterContent/Props/SM_CornerFrame.uasset" to "../../../../ClearPath/Content/StarterContent/Props/SM_CornerFrame.uasset"
[2016.04.07-15.34.59:696][  0]LogPackFactory: Copied "../../../Samples/StarterContent/Content/StarterContent/Props/SM_Couch.uasset" to "../../../../ClearPath/Content/StarterContent/Props/SM_Couch.uasset"
[2016.04.07-15.34.59:702][  0]LogPackFactory: Copied "../../../Samples/StarterContent/Content/StarterContent/Props/SM_Door.uasset" to "../../../../ClearPath/Content/StarterContent/Props/SM_Door.uasset"
[2016.04.07-15.34.59:707][  0]LogPackFactory: Copied "../../../Samples/StarterContent/Content/StarterContent/Props/SM_DoorFrame.uasset" to "../../../../ClearPath/Content/StarterContent/Props/SM_DoorFrame.uasset"
[2016.04.07-15.34.59:713][  0]LogPackFactory: Copied "../../../Samples/StarterContent/Content/StarterContent/Props/SM_GlassWindow.uasset" to "../../../../ClearPath/Content/StarterContent/Props/SM_GlassWindow.uasset"
[2016.04.07-15.34.59:720][  0]LogPackFactory: Copied "../../../Samples/StarterContent/Content/StarterContent/Props/SM_Lamp_Ceiling.uasset" to "../../../../ClearPath/Content/StarterContent/Props/SM_Lamp_Ceiling.uasset"
[2016.04.07-15.34.59:726][  0]LogPackFactory: Copied "../../../Samples/StarterContent/Content/StarterContent/Props/SM_Lamp_Wall.uasset" to "../../../../ClearPath/Content/StarterContent/Props/SM_Lamp_Wall.uasset"
[2016.04.07-15.34.59:757][  0]LogPackFactory: Copied "../../../Samples/StarterContent/Content/StarterContent/Props/SM_MatPreviewMesh_02.uasset" to "../../../../ClearPath/Content/StarterContent/Props/SM_MatPreviewMesh_02.uasset"
[2016.04.07-15.34.59:765][  0]LogPackFactory: Copied "../../../Samples/StarterContent/Content/StarterContent/Props/SM_PillarFrame.uasset" to "../../../../ClearPath/Content/StarterContent/Props/SM_PillarFrame.uasset"
[2016.04.07-15.34.59:770][  0]LogPackFactory: Copied "../../../Samples/StarterContent/Content/StarterContent/Props/SM_PillarFrame300.uasset" to "../../../../ClearPath/Content/StarterContent/Props/SM_PillarFrame300.uasset"
[2016.04.07-15.34.59:777][  0]LogPackFactory: Copied "../../../Samples/StarterContent/Content/StarterContent/Props/SM_Rock.uasset" to "../../../../ClearPath/Content/StarterContent/Props/SM_Rock.uasset"
[2016.04.07-15.34.59:782][  0]LogPackFactory: Copied "../../../Samples/StarterContent/Content/StarterContent/Props/SM_Shelf.uasset" to "../../../../ClearPath/Content/StarterContent/Props/SM_Shelf.uasset"
[2016.04.07-15.34.59:787][  0]LogPackFactory: Copied "../../../Samples/StarterContent/Content/StarterContent/Props/SM_Stairs.uasset" to "../../../../ClearPath/Content/StarterContent/Props/SM_Stairs.uasset"
[2016.04.07-15.34.59:895][  0]LogPackFactory: Copied "../../../Samples/StarterContent/Content/StarterContent/Props/SM_Statue.uasset" to "../../../../ClearPath/Content/StarterContent/Props/SM_Statue.uasset"
[2016.04.07-15.34.59:932][  0]LogPackFactory: Copied "../../../Samples/StarterContent/Content/StarterContent/Props/SM_TableRound.uasset" to "../../../../ClearPath/Content/StarterContent/Props/SM_TableRound.uasset"
[2016.04.07-15.34.59:938][  0]LogPackFactory: Copied "../../../Samples/StarterContent/Content/StarterContent/Props/SM_WindowFrame.uasset" to "../../../../ClearPath/Content/StarterContent/Props/SM_WindowFrame.uasset"
[2016.04.07-15.34.59:967][  0]LogPackFactory: Copied "../../../Samples/StarterContent/Content/StarterContent/Props/Materials/M_Bush.uasset" to "../../../../ClearPath/Content/StarterContent/Props/Materials/M_Bush.uasset"
[2016.04.07-15.35.00:001][  0]LogPackFactory: Copied "../../../Samples/StarterContent/Content/StarterContent/Props/Materials/M_Chair.uasset" to "../../../../ClearPath/Content/StarterContent/Props/Materials/M_Chair.uasset"
[2016.04.07-15.35.00:009][  0]LogPackFactory: Copied "../../../Samples/StarterContent/Content/StarterContent/Props/Materials/M_Door.uasset" to "../../../../ClearPath/Content/StarterContent/Props/Materials/M_Door.uasset"
[2016.04.07-15.35.00:017][  0]LogPackFactory: Copied "../../../Samples/StarterContent/Content/StarterContent/Props/Materials/M_Frame.uasset" to "../../../../ClearPath/Content/StarterContent/Props/Materials/M_Frame.uasset"
[2016.04.07-15.35.00:023][  0]LogPackFactory: Copied "../../../Samples/StarterContent/Content/StarterContent/Props/Materials/M_Lamp.uasset" to "../../../../ClearPath/Content/StarterContent/Props/Materials/M_Lamp.uasset"
[2016.04.07-15.35.00:029][  0]LogPackFactory: Copied "../../../Samples/StarterContent/Content/StarterContent/Props/Materials/M_MaterialSphere.uasset" to "../../../../ClearPath/Content/StarterContent/Props/Materials/M_MaterialSphere.uasset"
[2016.04.07-15.35.00:036][  0]LogPackFactory: Copied "../../../Samples/StarterContent/Content/StarterContent/Props/Materials/M_MaterialSphere_Plain.uasset" to "../../../../ClearPath/Content/StarterContent/Props/Materials/M_MaterialSphere_Plain.uasset"
[2016.04.07-15.35.00:044][  0]LogPackFactory: Copied "../../../Samples/StarterContent/Content/StarterContent/Props/Materials/M_Rock.uasset" to "../../../../ClearPath/Content/StarterContent/Props/Materials/M_Rock.uasset"
[2016.04.07-15.35.00:050][  0]LogPackFactory: Copied "../../../Samples/StarterContent/Content/StarterContent/Props/Materials/M_Shelf.uasset" to "../../../../ClearPath/Content/StarterContent/Props/Materials/M_Shelf.uasset"
[2016.04.07-15.35.00:056][  0]LogPackFactory: Copied "../../../Samples/StarterContent/Content/StarterContent/Props/Materials/M_Statue.uasset" to "../../../../ClearPath/Content/StarterContent/Props/Materials/M_Statue.uasset"
[2016.04.07-15.35.00:070][  0]LogPackFactory: Copied "../../../Samples/StarterContent/Content/StarterContent/Props/Materials/M_StatueGlass.uasset" to "../../../../ClearPath/Content/StarterContent/Props/Materials/M_StatueGlass.uasset"
[2016.04.07-15.35.00:076][  0]LogPackFactory: Copied "../../../Samples/StarterContent/Content/StarterContent/Props/Materials/M_TableRound.uasset" to "../../../../ClearPath/Content/StarterContent/Props/Materials/M_TableRound.uasset"
[2016.04.07-15.35.00:081][  0]LogPackFactory: Copied "../../../Samples/StarterContent/Content/StarterContent/Shapes/Shape_Cone.uasset" to "../../../../ClearPath/Content/StarterContent/Shapes/Shape_Cone.uasset"
[2016.04.07-15.35.00:087][  0]LogPackFactory: Copied "../../../Samples/StarterContent/Content/StarterContent/Shapes/Shape_Cube.uasset" to "../../../../ClearPath/Content/StarterContent/Shapes/Shape_Cube.uasset"
[2016.04.07-15.35.00:092][  0]LogPackFactory: Copied "../../../Samples/StarterContent/Content/StarterContent/Shapes/Shape_Cylinder.uasset" to "../../../../ClearPath/Content/StarterContent/Shapes/Shape_Cylinder.uasset"
[2016.04.07-15.35.00:098][  0]LogPackFactory: Copied "../../../Samples/StarterContent/Content/StarterContent/Shapes/Shape_NarrowCapsule.uasset" to "../../../../ClearPath/Content/StarterContent/Shapes/Shape_NarrowCapsule.uasset"
[2016.04.07-15.35.00:104][  0]LogPackFactory: Copied "../../../Samples/StarterContent/Content/StarterContent/Shapes/Shape_Pipe.uasset" to "../../../../ClearPath/Content/StarterContent/Shapes/Shape_Pipe.uasset"
[2016.04.07-15.35.00:110][  0]LogPackFactory: Copied "../../../Samples/StarterContent/Content/StarterContent/Shapes/Shape_Pipe_180.uasset" to "../../../../ClearPath/Content/StarterContent/Shapes/Shape_Pipe_180.uasset"
[2016.04.07-15.35.00:115][  0]LogPackFactory: Copied "../../../Samples/StarterContent/Content/StarterContent/Shapes/Shape_Pipe_90.uasset" to "../../../../ClearPath/Content/StarterContent/Shapes/Shape_Pipe_90.uasset"
[2016.04.07-15.35.00:121][  0]LogPackFactory: Copied "../../../Samples/StarterContent/Content/StarterContent/Shapes/Shape_Plane.uasset" to "../../../../ClearPath/Content/StarterContent/Shapes/Shape_Plane.uasset"
[2016.04.07-15.35.00:126][  0]LogPackFactory: Copied "../../../Samples/StarterContent/Content/StarterContent/Shapes/Shape_QuadPyramid.uasset" to "../../../../ClearPath/Content/StarterContent/Shapes/Shape_QuadPyramid.uasset"
[2016.04.07-15.35.00:132][  0]LogPackFactory: Copied "../../../Samples/StarterContent/Content/StarterContent/Shapes/Shape_Sphere.uasset" to "../../../../ClearPath/Content/StarterContent/Shapes/Shape_Sphere.uasset"
[2016.04.07-15.35.00:141][  0]LogPackFactory: Copied "../../../Samples/StarterContent/Content/StarterContent/Shapes/Shape_Torus.uasset" to "../../../../ClearPath/Content/StarterContent/Shapes/Shape_Torus.uasset"
[2016.04.07-15.35.00:146][  0]LogPackFactory: Copied "../../../Samples/StarterContent/Content/StarterContent/Shapes/Shape_Trim.uasset" to "../../../../ClearPath/Content/StarterContent/Shapes/Shape_Trim.uasset"
[2016.04.07-15.35.00:151][  0]LogPackFactory: Copied "../../../Samples/StarterContent/Content/StarterContent/Shapes/Shape_Trim_90_In.uasset" to "../../../../ClearPath/Content/StarterContent/Shapes/Shape_Trim_90_In.uasset"
[2016.04.07-15.35.00:157][  0]LogPackFactory: Copied "../../../Samples/StarterContent/Content/StarterContent/Shapes/Shape_Trim_90_Out.uasset" to "../../../../ClearPath/Content/StarterContent/Shapes/Shape_Trim_90_Out.uasset"
[2016.04.07-15.35.00:162][  0]LogPackFactory: Copied "../../../Samples/StarterContent/Content/StarterContent/Shapes/Shape_TriPyramid.uasset" to "../../../../ClearPath/Content/StarterContent/Shapes/Shape_TriPyramid.uasset"
[2016.04.07-15.35.00:168][  0]LogPackFactory: Copied "../../../Samples/StarterContent/Content/StarterContent/Shapes/Shape_Tube.uasset" to "../../../../ClearPath/Content/StarterContent/Shapes/Shape_Tube.uasset"
[2016.04.07-15.35.00:173][  0]LogPackFactory: Copied "../../../Samples/StarterContent/Content/StarterContent/Shapes/Shape_Wedge_A.uasset" to "../../../../ClearPath/Content/StarterContent/Shapes/Shape_Wedge_A.uasset"
[2016.04.07-15.35.00:179][  0]LogPackFactory: Copied "../../../Samples/StarterContent/Content/StarterContent/Shapes/Shape_Wedge_B.uasset" to "../../../../ClearPath/Content/StarterContent/Shapes/Shape_Wedge_B.uasset"
[2016.04.07-15.35.00:185][  0]LogPackFactory: Copied "../../../Samples/StarterContent/Content/StarterContent/Shapes/Shape_WideCapsule.uasset" to "../../../../ClearPath/Content/StarterContent/Shapes/Shape_WideCapsule.uasset"
[2016.04.07-15.35.00:239][  0]LogPackFactory: Copied "../../../Samples/StarterContent/Content/StarterContent/Textures/T_Brick_Clay_Beveled_D.uasset" to "../../../../ClearPath/Content/StarterContent/Textures/T_Brick_Clay_Beveled_D.uasset"
[2016.04.07-15.35.00:299][  0]LogPackFactory: Copied "../../../Samples/StarterContent/Content/StarterContent/Textures/T_Brick_Clay_Beveled_M.uasset" to "../../../../ClearPath/Content/StarterContent/Textures/T_Brick_Clay_Beveled_M.uasset"
[2016.04.07-15.35.00:352][  0]LogPackFactory: Copied "../../../Samples/StarterContent/Content/StarterContent/Textures/T_Brick_Clay_Beveled_N.uasset" to "../../../../ClearPath/Content/StarterContent/Textures/T_Brick_Clay_Beveled_N.uasset"
[2016.04.07-15.35.00:388][  0]LogPackFactory: Copied "../../../Samples/StarterContent/Content/StarterContent/Textures/T_Brick_Clay_New_D.uasset" to "../../../../ClearPath/Content/StarterContent/Textures/T_Brick_Clay_New_D.uasset"
[2016.04.07-15.35.00:449][  0]LogPackFactory: Copied "../../../Samples/StarterContent/Content/StarterContent/Textures/T_Brick_Clay_New_M.uasset" to "../../../../ClearPath/Content/StarterContent/Textures/T_Brick_Clay_New_M.uasset"
[2016.04.07-15.35.00:504][  0]LogPackFactory: Copied "../../../Samples/StarterContent/Content/StarterContent/Textures/T_Brick_Clay_New_N.uasset" to "../../../../ClearPath/Content/StarterContent/Textures/T_Brick_Clay_New_N.uasset"
[2016.04.07-15.35.00:577][  0]LogPackFactory: Copied "../../../Samples/StarterContent/Content/StarterContent/Textures/T_Brick_Clay_Old_D.uasset" to "../../../../ClearPath/Content/StarterContent/Textures/T_Brick_Clay_Old_D.uasset"
[2016.04.07-15.35.00:632][  0]LogPackFactory: Copied "../../../Samples/StarterContent/Content/StarterContent/Textures/T_Brick_Clay_Old_N.uasset" to "../../../../ClearPath/Content/StarterContent/Textures/T_Brick_Clay_Old_N.uasset"
[2016.04.07-15.35.00:713][  0]LogPackFactory: Copied "../../../Samples/StarterContent/Content/StarterContent/Textures/T_Brick_Cut_Stone_D.uasset" to "../../../../ClearPath/Content/StarterContent/Textures/T_Brick_Cut_Stone_D.uasset"
[2016.04.07-15.35.00:755][  0]LogPackFactory: Copied "../../../Samples/StarterContent/Content/StarterContent/Textures/T_Brick_Cut_Stone_N.uasset" to "../../../../ClearPath/Content/StarterContent/Textures/T_Brick_Cut_Stone_N.uasset"
[2016.04.07-15.35.00:804][  0]LogPackFactory: Copied "../../../Samples/StarterContent/Content/StarterContent/Textures/T_Brick_Hewn_Stone_D.uasset" to "../../../../ClearPath/Content/StarterContent/Textures/T_Brick_Hewn_Stone_D.uasset"
[2016.04.07-15.35.00:854][  0]LogPackFactory: Copied "../../../Samples/StarterContent/Content/StarterContent/Textures/T_Brick_Hewn_Stone_M.uasset" to "../../../../ClearPath/Content/StarterContent/Textures/T_Brick_Hewn_Stone_M.uasset"
[2016.04.07-15.35.00:916][  0]LogPackFactory: Copied "../../../Samples/StarterContent/Content/StarterContent/Textures/T_Brick_Hewn_Stone_N.uasset" to "../../../../ClearPath/Content/StarterContent/Textures/T_Brick_Hewn_Stone_N.uasset"
[2016.04.07-15.35.00:923][  0]LogPackFactory: Copied "../../../Samples/StarterContent/Content/StarterContent/Textures/T_Burst_M.uasset" to "../../../../ClearPath/Content/StarterContent/Textures/T_Burst_M.uasset"
[2016.04.07-15.35.00:932][  0]LogPackFactory: Copied "../../../Samples/StarterContent/Content/StarterContent/Textures/T_Bush_D.uasset" to "../../../../ClearPath/Content/StarterContent/Textures/T_Bush_D.uasset"
[2016.04.07-15.35.00:941][  0]LogPackFactory: Copied "../../../Samples/StarterContent/Content/StarterContent/Textures/T_Bush_N.uasset" to "../../../../ClearPath/Content/StarterContent/Textures/T_Bush_N.uasset"
[2016.04.07-15.35.00:950][  0]LogPackFactory: Copied "../../../Samples/StarterContent/Content/StarterContent/Textures/T_Ceramic_Tile_M.uasset" to "../../../../ClearPath/Content/StarterContent/Textures/T_Ceramic_Tile_M.uasset"
[2016.04.07-15.35.00:957][  0]LogPackFactory: Copied "../../../Samples/StarterContent/Content/StarterContent/Textures/T_Ceramic_Tile_N.uasset" to "../../../../ClearPath/Content/StarterContent/Textures/T_Ceramic_Tile_N.uasset"
[2016.04.07-15.35.00:967][  0]LogPackFactory: Copied "../../../Samples/StarterContent/Content/StarterContent/Textures/T_Chair_M.uasset" to "../../../../ClearPath/Content/StarterContent/Textures/T_Chair_M.uasset"
[2016.04.07-15.35.00:996][  0]LogPackFactory: Copied "../../../Samples/StarterContent/Content/StarterContent/Textures/T_Chair_N.uasset" to "../../../../ClearPath/Content/StarterContent/Textures/T_Chair_N.uasset"
[2016.04.07-15.35.01:003][  0]LogPackFactory: Copied "../../../Samples/StarterContent/Content/StarterContent/Textures/T_Checker_Noise_M.uasset" to "../../../../ClearPath/Content/StarterContent/Textures/T_Checker_Noise_M.uasset"
[2016.04.07-15.35.01:098][  0]LogPackFactory: Copied "../../../Samples/StarterContent/Content/StarterContent/Textures/T_CobbleStone_Pebble_D.uasset" to "../../../../ClearPath/Content/StarterContent/Textures/T_CobbleStone_Pebble_D.uasset"
[2016.04.07-15.35.01:366][  0]LogPackFactory: Copied "../../../Samples/StarterContent/Content/StarterContent/Textures/T_CobbleStone_Pebble_M.uasset" to "../../../../ClearPath/Content/StarterContent/Textures/T_CobbleStone_Pebble_M.uasset"
[2016.04.07-15.35.01:472][  0]LogPackFactory: Copied "../../../Samples/StarterContent/Content/StarterContent/Textures/T_CobbleStone_Pebble_N.uasset" to "../../../../ClearPath/Content/StarterContent/Textures/T_CobbleStone_Pebble_N.uasset"
[2016.04.07-15.35.01:529][  0]LogPackFactory: Copied "../../../Samples/StarterContent/Content/StarterContent/Textures/T_CobbleStone_Rough_D.uasset" to "../../../../ClearPath/Content/StarterContent/Textures/T_CobbleStone_Rough_D.uasset"
[2016.04.07-15.35.01:581][  0]LogPackFactory: Copied "../../../Samples/StarterContent/Content/StarterContent/Textures/T_CobbleStone_Rough_N.uasset" to "../../../../ClearPath/Content/StarterContent/Textures/T_CobbleStone_Rough_N.uasset"
[2016.04.07-15.35.01:705][  0]LogPackFactory: Copied "../../../Samples/StarterContent/Content/StarterContent/Textures/T_CobbleStone_Smooth_D.uasset" to "../../../../ClearPath/Content/StarterContent/Textures/T_CobbleStone_Smooth_D.uasset"
[2016.04.07-15.35.01:759][  0]LogPackFactory: Copied "../../../Samples/StarterContent/Content/StarterContent/Textures/T_CobbleStone_Smooth_M.uasset" to "../../../../ClearPath/Content/StarterContent/Textures/T_CobbleStone_Smooth_M.uasset"
[2016.04.07-15.35.01:852][  0]LogPackFactory: Copied "../../../Samples/StarterContent/Content/StarterContent/Textures/T_CobbleStone_Smooth_N.uasset" to "../../../../ClearPath/Content/StarterContent/Textures/T_CobbleStone_Smooth_N.uasset"
[2016.04.07-15.35.01:958][  0]LogPackFactory: Copied "../../../Samples/StarterContent/Content/StarterContent/Textures/T_Concrete_Grime_D.uasset" to "../../../../ClearPath/Content/StarterContent/Textures/T_Concrete_Grime_D.uasset"
[2016.04.07-15.35.02:020][  0]LogPackFactory: Copied "../../../Samples/StarterContent/Content/StarterContent/Textures/T_Concrete_Panels_D.uasset" to "../../../../ClearPath/Content/StarterContent/Textures/T_Concrete_Panels_D.uasset"
[2016.04.07-15.35.02:076][  0]LogPackFactory: Copied "../../../Samples/StarterContent/Content/StarterContent/Textures/T_Concrete_Panels_N.uasset" to "../../../../ClearPath/Content/StarterContent/Textures/T_Concrete_Panels_N.uasset"
[2016.04.07-15.35.02:153][  0]LogPackFactory: Copied "../../../Samples/StarterContent/Content/StarterContent/Textures/T_Concrete_Poured_D.uasset" to "../../../../ClearPath/Content/StarterContent/Textures/T_Concrete_Poured_D.uasset"
[2016.04.07-15.35.02:206][  0]LogPackFactory: Copied "../../../Samples/StarterContent/Content/StarterContent/Textures/T_Concrete_Poured_N.uasset" to "../../../../ClearPath/Content/StarterContent/Textures/T_Concrete_Poured_N.uasset"
[2016.04.07-15.35.02:240][  0]LogPackFactory: Copied "../../../Samples/StarterContent/Content/StarterContent/Textures/T_Concrete_Tiles_D.uasset" to "../../../../ClearPath/Content/StarterContent/Textures/T_Concrete_Tiles_D.uasset"
[2016.04.07-15.35.02:284][  0]LogPackFactory: Copied "../../../Samples/StarterContent/Content/StarterContent/Textures/T_Concrete_Tiles_M.uasset" to "../../../../ClearPath/Content/StarterContent/Textures/T_Concrete_Tiles_M.uasset"
[2016.04.07-15.35.02:327][  0]LogPackFactory: Copied "../../../Samples/StarterContent/Content/StarterContent/Textures/T_Concrete_Tiles_N.uasset" to "../../../../ClearPath/Content/StarterContent/Textures/T_Concrete_Tiles_N.uasset"
[2016.04.07-15.35.02:332][  0]LogPackFactory: Copied "../../../Samples/StarterContent/Content/StarterContent/Textures/T_Concrete_Tiles_Variation_M.uasset" to "../../../../ClearPath/Content/StarterContent/Textures/T_Concrete_Tiles_Variation_M.uasset"
[2016.04.07-15.35.02:364][  0]LogPackFactory: Copied "../../../Samples/StarterContent/Content/StarterContent/Textures/T_Detail_Rocky_N.uasset" to "../../../../ClearPath/Content/StarterContent/Textures/T_Detail_Rocky_N.uasset"
[2016.04.07-15.35.02:373][  0]LogPackFactory: Copied "../../../Samples/StarterContent/Content/StarterContent/Textures/T_Door_M.uasset" to "../../../../ClearPath/Content/StarterContent/Textures/T_Door_M.uasset"
[2016.04.07-15.35.02:386][  0]LogPackFactory: Copied "../../../Samples/StarterContent/Content/StarterContent/Textures/T_Door_N.uasset" to "../../../../ClearPath/Content/StarterContent/Textures/T_Door_N.uasset"
[2016.04.07-15.35.02:391][  0]LogPackFactory: Copied "../../../Samples/StarterContent/Content/StarterContent/Textures/T_Dust_Particle_D.uasset" to "../../../../ClearPath/Content/StarterContent/Textures/T_Dust_Particle_D.uasset"
[2016.04.07-15.35.02:419][  0]LogPackFactory: Copied "../../../Samples/StarterContent/Content/StarterContent/Textures/T_Explosion_SubUV.uasset" to "../../../../ClearPath/Content/StarterContent/Textures/T_Explosion_SubUV.uasset"
[2016.04.07-15.35.02:428][  0]LogPackFactory: Copied "../../../Samples/StarterContent/Content/StarterContent/Textures/T_Fire_SubUV.uasset" to "../../../../ClearPath/Content/StarterContent/Textures/T_Fire_SubUV.uasset"
[2016.04.07-15.35.02:443][  0]LogPackFactory: Copied "../../../Samples/StarterContent/Content/StarterContent/Textures/T_Fire_Tiled_D.uasset" to "../../../../ClearPath/Content/StarterContent/Textures/T_Fire_Tiled_D.uasset"
[2016.04.07-15.35.02:497][  0]LogPackFactory: Copied "../../../Samples/StarterContent/Content/StarterContent/Textures/T_Frame_M.uasset" to "../../../../ClearPath/Content/StarterContent/Textures/T_Frame_M.uasset"
[2016.04.07-15.35.02:548][  0]LogPackFactory: Copied "../../../Samples/StarterContent/Content/StarterContent/Textures/T_Frame_N.uasset" to "../../../../ClearPath/Content/StarterContent/Textures/T_Frame_N.uasset"
[2016.04.07-15.35.02:690][  0]LogPackFactory: Copied "../../../Samples/StarterContent/Content/StarterContent/Textures/T_Gradinet_01.uasset" to "../../../../ClearPath/Content/StarterContent/Textures/T_Gradinet_01.uasset"
[2016.04.07-15.35.02:885][  0]LogPackFactory: Copied "../../../Samples/StarterContent/Content/StarterContent/Textures/T_Ground_Grass_D.uasset" to "../../../../ClearPath/Content/StarterContent/Textures/T_Ground_Grass_D.uasset"
[2016.04.07-15.35.02:980][  0]LogPackFactory: Copied "../../../Samples/StarterContent/Content/StarterContent/Textures/T_Ground_Grass_N.uasset" to "../../../../ClearPath/Content/StarterContent/Textures/T_Ground_Grass_N.uasset"
[2016.04.07-15.35.03:106][  0]LogPackFactory: Copied "../../../Samples/StarterContent/Content/StarterContent/Textures/T_Ground_Gravel_D.uasset" to "../../../../ClearPath/Content/StarterContent/Textures/T_Ground_Gravel_D.uasset"
[2016.04.07-15.35.03:241][  0]LogPackFactory: Copied "../../../Samples/StarterContent/Content/StarterContent/Textures/T_Ground_Gravel_N.uasset" to "../../../../ClearPath/Content/StarterContent/Textures/T_Ground_Gravel_N.uasset"
[2016.04.07-15.35.03:407][  0]LogPackFactory: Copied "../../../Samples/StarterContent/Content/StarterContent/Textures/T_ground_Moss_D.uasset" to "../../../../ClearPath/Content/StarterContent/Textures/T_ground_Moss_D.uasset"
[2016.04.07-15.35.03:584][  0]LogPackFactory: Copied "../../../Samples/StarterContent/Content/StarterContent/Textures/T_Ground_Moss_N.uasset" to "../../../../ClearPath/Content/StarterContent/Textures/T_Ground_Moss_N.uasset"
[2016.04.07-15.35.03:594][  0]LogPackFactory: Copied "../../../Samples/StarterContent/Content/StarterContent/Textures/T_Lamp_M.uasset" to "../../../../ClearPath/Content/StarterContent/Textures/T_Lamp_M.uasset"
[2016.04.07-15.35.03:623][  0]LogPackFactory: Copied "../../../Samples/StarterContent/Content/StarterContent/Textures/T_Lamp_N.uasset" to "../../../../ClearPath/Content/StarterContent/Textures/T_Lamp_N.uasset"
[2016.04.07-15.35.03:701][  0]LogPackFactory: Copied "../../../Samples/StarterContent/Content/StarterContent/Textures/T_MacroVariation.uasset" to "../../../../ClearPath/Content/StarterContent/Textures/T_MacroVariation.uasset"
[2016.04.07-15.35.03:766][  0]LogPackFactory: Copied "../../../Samples/StarterContent/Content/StarterContent/Textures/T_Metal_Aluminum_D.uasset" to "../../../../ClearPath/Content/StarterContent/Textures/T_Metal_Aluminum_D.uasset"
[2016.04.07-15.35.03:827][  0]LogPackFactory: Copied "../../../Samples/StarterContent/Content/StarterContent/Textures/T_Metal_Copper_D.uasset" to "../../../../ClearPath/Content/StarterContent/Textures/T_Metal_Copper_D.uasset"
[2016.04.07-15.35.03:969][  0]LogPackFactory: Copied "../../../Samples/StarterContent/Content/StarterContent/Textures/T_Metal_Gold_D.uasset" to "../../../../ClearPath/Content/StarterContent/Textures/T_Metal_Gold_D.uasset"
[2016.04.07-15.35.04:006][  0]LogPackFactory: Copied "../../../Samples/StarterContent/Content/StarterContent/Textures/T_Metal_Gold_N.uasset" to "../../../../ClearPath/Content/StarterContent/Textures/T_Metal_Gold_N.uasset"
[2016.04.07-15.35.04:238][  0]LogPackFactory: Copied "../../../Samples/StarterContent/Content/StarterContent/Textures/T_Metal_Rust_D.uasset" to "../../../../ClearPath/Content/StarterContent/Textures/T_Metal_Rust_D.uasset"
[2016.04.07-15.35.04:358][  0]LogPackFactory: Copied "../../../Samples/StarterContent/Content/StarterContent/Textures/T_Metal_Rust_N.uasset" to "../../../../ClearPath/Content/StarterContent/Textures/T_Metal_Rust_N.uasset"
[2016.04.07-15.35.04:395][  0]LogPackFactory: Copied "../../../Samples/StarterContent/Content/StarterContent/Textures/T_Metal_Steel_D.uasset" to "../../../../ClearPath/Content/StarterContent/Textures/T_Metal_Steel_D.uasset"
[2016.04.07-15.35.04:538][  0]LogPackFactory: Copied "../../../Samples/StarterContent/Content/StarterContent/Textures/T_Metal_Steel_N.uasset" to "../../../../ClearPath/Content/StarterContent/Textures/T_Metal_Steel_N.uasset"
[2016.04.07-15.35.04:637][  0]LogPackFactory: Copied "../../../Samples/StarterContent/Content/StarterContent/Textures/T_Perlin_Noise_M.uasset" to "../../../../ClearPath/Content/StarterContent/Textures/T_Perlin_Noise_M.uasset"
[2016.04.07-15.35.04:670][  0]LogPackFactory: Copied "../../../Samples/StarterContent/Content/StarterContent/Textures/T_RockMesh_M.uasset" to "../../../../ClearPath/Content/StarterContent/Textures/T_RockMesh_M.uasset"
[2016.04.07-15.35.04:728][  0]LogPackFactory: Copied "../../../Samples/StarterContent/Content/StarterContent/Textures/T_RockMesh_N.uasset" to "../../../../ClearPath/Content/StarterContent/Textures/T_RockMesh_N.uasset"
[2016.04.07-15.35.04:793][  0]LogPackFactory: Copied "../../../Samples/StarterContent/Content/StarterContent/Textures/T_Rock_Basalt_D.uasset" to "../../../../ClearPath/Content/StarterContent/Textures/T_Rock_Basalt_D.uasset"
[2016.04.07-15.35.04:847][  0]LogPackFactory: Copied "../../../Samples/StarterContent/Content/StarterContent/Textures/T_Rock_Basalt_N.uasset" to "../../../../ClearPath/Content/StarterContent/Textures/T_Rock_Basalt_N.uasset"
[2016.04.07-15.35.04:887][  0]LogPackFactory: Copied "../../../Samples/StarterContent/Content/StarterContent/Textures/T_Rock_Marble_Polished_D.uasset" to "../../../../ClearPath/Content/StarterContent/Textures/T_Rock_Marble_Polished_D.uasset"
[2016.04.07-15.35.04:952][  0]LogPackFactory: Copied "../../../Samples/StarterContent/Content/StarterContent/Textures/T_Rock_Sandstone_D.uasset" to "../../../../ClearPath/Content/StarterContent/Textures/T_Rock_Sandstone_D.uasset"
[2016.04.07-15.35.05:009][  0]LogPackFactory: Copied "../../../Samples/StarterContent/Content/StarterContent/Textures/T_Rock_Sandstone_N.uasset" to "../../../../ClearPath/Content/StarterContent/Textures/T_Rock_Sandstone_N.uasset"
[2016.04.07-15.35.05:087][  0]LogPackFactory: Copied "../../../Samples/StarterContent/Content/StarterContent/Textures/T_Rock_Slate_D.uasset" to "../../../../ClearPath/Content/StarterContent/Textures/T_Rock_Slate_D.uasset"
[2016.04.07-15.35.05:153][  0]LogPackFactory: Copied "../../../Samples/StarterContent/Content/StarterContent/Textures/T_Rock_Slate_N.uasset" to "../../../../ClearPath/Content/StarterContent/Textures/T_Rock_Slate_N.uasset"
[2016.04.07-15.35.05:213][  0]LogPackFactory: Copied "../../../Samples/StarterContent/Content/StarterContent/Textures/T_Rock_Smooth_Granite_D.uasset" to "../../../../ClearPath/Content/StarterContent/Textures/T_Rock_Smooth_Granite_D.uasset"
[2016.04.07-15.35.05:271][  0]LogPackFactory: Copied "../../../Samples/StarterContent/Content/StarterContent/Textures/T_Shelf_M.uasset" to "../../../../ClearPath/Content/StarterContent/Textures/T_Shelf_M.uasset"
[2016.04.07-15.35.05:321][  0]LogPackFactory: Copied "../../../Samples/StarterContent/Content/StarterContent/Textures/T_Shelf_N.uasset" to "../../../../ClearPath/Content/StarterContent/Textures/T_Shelf_N.uasset"
[2016.04.07-15.35.05:441][  0]LogPackFactory: Copied "../../../Samples/StarterContent/Content/StarterContent/Textures/T_Single_Tile_N.uasset" to "../../../../ClearPath/Content/StarterContent/Textures/T_Single_Tile_N.uasset"
[2016.04.07-15.35.05:535][  0]LogPackFactory: Copied "../../../Samples/StarterContent/Content/StarterContent/Textures/T_Smoke_SubUV.uasset" to "../../../../ClearPath/Content/StarterContent/Textures/T_Smoke_SubUV.uasset"
[2016.04.07-15.35.05:762][  0]LogPackFactory: Copied "../../../Samples/StarterContent/Content/StarterContent/Textures/T_Smoke_Tiled_D.uasset" to "../../../../ClearPath/Content/StarterContent/Textures/T_Smoke_Tiled_D.uasset"
[2016.04.07-15.35.05:912][  0]LogPackFactory: Copied "../../../Samples/StarterContent/Content/StarterContent/Textures/T_Spark_Core.uasset" to "../../../../ClearPath/Content/StarterContent/Textures/T_Spark_Core.uasset"
[2016.04.07-15.35.06:128][  0]LogPackFactory: Copied "../../../Samples/StarterContent/Content/StarterContent/Textures/T_Statue_M.uasset" to "../../../../ClearPath/Content/StarterContent/Textures/T_Statue_M.uasset"
[2016.04.07-15.35.06:137][  0]LogPackFactory: Copied "../../../Samples/StarterContent/Content/StarterContent/Textures/T_Statue_N.uasset" to "../../../../ClearPath/Content/StarterContent/Textures/T_Statue_N.uasset"
[2016.04.07-15.35.06:148][  0]LogPackFactory: Copied "../../../Samples/StarterContent/Content/StarterContent/Textures/T_TableRound_M.uasset" to "../../../../ClearPath/Content/StarterContent/Textures/T_TableRound_M.uasset"
[2016.04.07-15.35.06:162][  0]LogPackFactory: Copied "../../../Samples/StarterContent/Content/StarterContent/Textures/T_TableRound_N.uasset" to "../../../../ClearPath/Content/StarterContent/Textures/T_TableRound_N.uasset"
[2016.04.07-15.35.06:170][  0]LogPackFactory: Copied "../../../Samples/StarterContent/Content/StarterContent/Textures/T_Tech_Dot_M.uasset" to "../../../../ClearPath/Content/StarterContent/Textures/T_Tech_Dot_M.uasset"
[2016.04.07-15.35.06:177][  0]LogPackFactory: Copied "../../../Samples/StarterContent/Content/StarterContent/Textures/T_Tech_Dot_N.uasset" to "../../../../ClearPath/Content/StarterContent/Textures/T_Tech_Dot_N.uasset"
[2016.04.07-15.35.06:187][  0]LogPackFactory: Copied "../../../Samples/StarterContent/Content/StarterContent/Textures/T_Tech_Hex_Tile_M.uasset" to "../../../../ClearPath/Content/StarterContent/Textures/T_Tech_Hex_Tile_M.uasset"
[2016.04.07-15.35.06:195][  0]LogPackFactory: Copied "../../../Samples/StarterContent/Content/StarterContent/Textures/T_Tech_Hex_Tile_N.uasset" to "../../../../ClearPath/Content/StarterContent/Textures/T_Tech_Hex_Tile_N.uasset"
[2016.04.07-15.35.06:207][  0]LogPackFactory: Copied "../../../Samples/StarterContent/Content/StarterContent/Textures/T_Tech_Panel_M.uasset" to "../../../../ClearPath/Content/StarterContent/Textures/T_Tech_Panel_M.uasset"
[2016.04.07-15.35.06:226][  0]LogPackFactory: Copied "../../../Samples/StarterContent/Content/StarterContent/Textures/T_Tech_Panel_N.uasset" to "../../../../ClearPath/Content/StarterContent/Textures/T_Tech_Panel_N.uasset"
[2016.04.07-15.35.06:246][  0]LogPackFactory: Copied "../../../Samples/StarterContent/Content/StarterContent/Textures/T_Water_M.uasset" to "../../../../ClearPath/Content/StarterContent/Textures/T_Water_M.uasset"
[2016.04.07-15.35.06:269][  0]LogPackFactory: Copied "../../../Samples/StarterContent/Content/StarterContent/Textures/T_Water_N.uasset" to "../../../../ClearPath/Content/StarterContent/Textures/T_Water_N.uasset"
[2016.04.07-15.35.06:304][  0]LogPackFactory: Copied "../../../Samples/StarterContent/Content/StarterContent/Textures/T_Wood_Floor_Walnut_D.uasset" to "../../../../ClearPath/Content/StarterContent/Textures/T_Wood_Floor_Walnut_D.uasset"
[2016.04.07-15.35.06:341][  0]LogPackFactory: Copied "../../../Samples/StarterContent/Content/StarterContent/Textures/T_Wood_Floor_Walnut_M.uasset" to "../../../../ClearPath/Content/StarterContent/Textures/T_Wood_Floor_Walnut_M.uasset"
[2016.04.07-15.35.06:376][  0]LogPackFactory: Copied "../../../Samples/StarterContent/Content/StarterContent/Textures/T_Wood_Floor_Walnut_N.uasset" to "../../../../ClearPath/Content/StarterContent/Textures/T_Wood_Floor_Walnut_N.uasset"
[2016.04.07-15.35.06:426][  0]LogPackFactory: Copied "../../../Samples/StarterContent/Content/StarterContent/Textures/T_Wood_Oak_D.uasset" to "../../../../ClearPath/Content/StarterContent/Textures/T_Wood_Oak_D.uasset"
[2016.04.07-15.35.06:466][  0]LogPackFactory: Copied "../../../Samples/StarterContent/Content/StarterContent/Textures/T_Wood_Oak_N.uasset" to "../../../../ClearPath/Content/StarterContent/Textures/T_Wood_Oak_N.uasset"
[2016.04.07-15.35.06:537][  0]LogPackFactory: Copied "../../../Samples/StarterContent/Content/StarterContent/Textures/T_Wood_Pine_D.uasset" to "../../../../ClearPath/Content/StarterContent/Textures/T_Wood_Pine_D.uasset"
[2016.04.07-15.35.06:575][  0]LogPackFactory: Copied "../../../Samples/StarterContent/Content/StarterContent/Textures/T_Wood_Pine_N.uasset" to "../../../../ClearPath/Content/StarterContent/Textures/T_Wood_Pine_N.uasset"
[2016.04.07-15.35.06:794][  0]LogPackFactory: Copied "../../../Samples/StarterContent/Content/StarterContent/Textures/T_Wood_Walnut_D.uasset" to "../../../../ClearPath/Content/StarterContent/Textures/T_Wood_Walnut_D.uasset"
[2016.04.07-15.35.06:836][  0]LogPackFactory: Copied "../../../Samples/StarterContent/Content/StarterContent/Textures/T_Wood_Walnut_N.uasset" to "../../../../ClearPath/Content/StarterContent/Textures/T_Wood_Walnut_N.uasset"
[2016.04.07-15.35.08:913][  0]LogRenderer: Reallocating scene render targets to support 256x256 (Frame:2).
[2016.04.07-15.35.09:156][  0]Cmd: OBJ SAVEPACKAGE PACKAGE="/Game/StarterContent/Architecture/Floor_400x400" FILE="../../../../ClearPath/Content/StarterContent/Architecture/Floor_400x400.uasset" SILENT=true
[2016.04.07-15.35.09:988][  0]LogSavePackage: Save=760.885986ms
[2016.04.07-15.35.09:988][  0]LogSavePackage: Moving '../../../../ClearPath/Saved/Floor_400x4002E501B4941ACB73C241D269D16B1B07B.tmp' to '../../../../ClearPath/Content/StarterContent/Architecture/Floor_400x400.uasset'
[2016.04.07-15.35.09:992][  0]LogSavePackage: Total save time: 814.946119ms
[2016.04.07-15.35.09:992][  0]LogSavePackage:Display: Finished SavePackage ../../../../ClearPath/Content/StarterContent/Architecture/Floor_400x400.uasset
[2016.04.07-15.35.10:008][  0]LogFeaturePack:Warning: Inserted 1 feature packs
[2016.04.07-15.35.10:019][  0]Cmd: MAP LOAD FILE="../../../../ClearPath/Content/ClearPath/DefaultMap.umap" TEMPLATE=0 SHOWPROGRESS=1 FEATURELEVEL=3
[2016.04.07-15.35.10:028][  0]LightingResults: New page: Lighting Build
[2016.04.07-15.35.10:170][  0]MapCheck: New page: Map Check
[2016.04.07-15.35.10:170][  0]LightingResults: New page: Lighting Build
[2016.04.07-15.35.10:344][  0]LogParticles: Destroying 0 GPU particle simulations for FXSystem 0x0000000343B32160
[2016.04.07-15.35.13:239][  0]LogAIModule: Creating AISystem for world DefaultMap
[2016.04.07-15.35.14:032][  0]LogEditorServer: Finished looking for orphan Actors (0.000 secs)
[2016.04.07-15.35.14:097][  0]Cmd: MAP CHECKDEP NOCLEARLOG
[2016.04.07-15.35.14:177][  0]MapCheck: Info Map check complete: 0 Error(s), 0 Warning(s), took 79.391ms to complete.
[2016.04.07-15.35.14:177][  0]LogFileHelpers: Loading map 'DefaultMap' took 4.165
[2016.04.07-15.35.14:663][  0]LogCollectionManager: Loaded 0 collections in 0.003358 seconds
[2016.04.07-15.35.15:200][  0]LogFileCache: Scanning file cache for directory 'K:/ClearPath/Saved/Collections/' took 0.01s
[2016.04.07-15.35.15:201][  0]LogFileCache: Scanning file cache for directory 'K:/ClearPath/Content/Developers/WangShihai/Collections/' took 0.01s
[2016.04.07-15.35.15:201][  0]LogFileCache: Scanning file cache for directory 'K:/ClearPath/Content/Collections/' took 0.01s
[2016.04.07-15.35.15:201][  0]LogCollectionManager: Rebuilt the GUID cache for 0 collections in 0.000005 seconds
[2016.04.07-15.35.15:238][  0]LogContentBrowser: Native class hierarchy populated in 0.0353 seconds. Added 1893 classes and 338 folders.
[2016.04.07-15.35.15:291][  0]LogContentBrowser: Native class hierarchy updated for 'WidgetCarousel' in 0.0013 seconds. Added 0 classes and 0 folders.
[2016.04.07-15.35.15:775][  0]LogContentBrowser: Native class hierarchy updated for 'AddContentDialog' in 0.0013 seconds. Added 0 classes and 0 folders.
[2016.04.07-15.35.15:899][  0]LogContentBrowser: Native class hierarchy updated for 'SceneOutliner' in 0.0014 seconds. Added 1 classes and 2 folders.
[2016.04.07-15.35.17:277][  0]LogCrashTracker: Crashtracker disabled due to settings.
[2016.04.07-15.35.17:402][  0]LogUObjectGlobals:Warning: Failed to find object 'Class None.'
[2016.04.07-15.35.17:798][  0]LogLoad: Full Startup: 128.40 seconds (BP compile: 1.06 seconds)
[2016.04.07-15.35.17:824][  0]LogWindowsTextInputMethodSystem:Display: IME system now deactivated.
[2016.04.07-15.35.17:827][  0]LogOcInput: Can't find Oculus library dev build: is proper Runtime installed? Version: 0.8.0.0
[2016.04.07-15.35.18:149][  0]LogContentStreaming: Texture pool size now 1000 MB
[2016.04.07-15.35.19:234][  0]LogRenderer: Reallocating scene render targets to support 1184x544 (Frame:3).
[2016.04.07-15.35.19:808][  6]LogAssetRegistry: Asset discovery search completed in 42.1974 seconds
[2016.04.07-15.35.19:808][  6]LogCollectionManager: Rebuilt the object cache for 0 collections in 0.000001 seconds (found 0 objects)
[2016.04.07-15.35.19:809][  6]LogCollectionManager: Fixed up redirectors for 0 collections in 0.000181 seconds (updated 0 objects)
[2016.04.07-15.39.13:238][987]LogWindowsTextInputMethodSystem:Display: IME system now deactivated.
[2016.04.07-15.39.13:598][988]Cmd: QUIT_EDITOR
[2016.04.07-15.39.13:909][988]LogExit: Preparing to exit.
[2016.04.07-15.39.14:765][988]LogExit: Editor shut down
[2016.04.07-15.39.14:766][988]LogExit: Transaction tracking system shut down
[2016.04.07-15.39.14:767][988]LogParticles: Destroying 0 GPU particle simulations for FXSystem 0x0000000330506A20
[2016.04.07-15.39.14:775][988]LogParticles: Destroying 0 GPU particle simulations for FXSystem 0x0000000343513380
[2016.04.07-15.39.14:775][988]LogParticles: Destroying 0 GPU particle simulations for FXSystem 0x0000000333B97880
[2016.04.07-15.39.15:766][988]LogExit: Object subsystem successfully closed.
[2016.04.07-15.39.15:814][988]LogD3D11RHI: Shutdown
[2016.04.07-15.39.15:814][988]LogD3D11RHI: CleanupD3DDevice
[2016.04.07-15.39.15:869][988]LogD3D11RHI: ~FD3D11DynamicRHI
[2016.04.07-15.39.16:055][988]LogModuleManager: Shutting down and abandoning module CrashTracker (193)
[2016.04.07-15.39.16:055][988]LogModuleManager: Shutting down and abandoning module SceneOutliner (192)
[2016.04.07-15.39.16:055][988]LogModuleManager: Shutting down and abandoning module SuperSearch (191)
[2016.04.07-15.39.16:055][988]LogModuleManager: Shutting down and abandoning module WidgetCarousel (190)
[2016.04.07-15.39.16:056][988]LogModuleManager: Shutting down and abandoning module AddContentDialog (189)
[2016.04.07-15.39.16:057][988]LogModuleManager: Shutting down and abandoning module EditorWidgets (188)
[2016.04.07-15.39.16:057][988]LogModuleManager: Shutting down and abandoning module CollectionManager (187)
[2016.04.07-15.39.16:058][988]LogModuleManager: Shutting down and abandoning module StatsViewer (186)
[2016.04.07-15.39.16:058][988]LogModuleManager: Shutting down and abandoning module CookingStats (185)
[2016.04.07-15.39.16:059][988]LogModuleManager: Shutting down and abandoning module FoliageEdit (184)
[2016.04.07-15.39.16:059][988]LogModuleManager: Shutting down and abandoning module LandscapeEditor (183)
[2016.04.07-15.39.16:066][988]LogModuleManager: Shutting down and abandoning module ActorPickerMode (182)
[2016.04.07-15.39.16:066][988]LogModuleManager: Shutting down and abandoning module GeometryMode (181)
[2016.04.07-15.39.16:067][988]LogModuleManager: Shutting down and abandoning module TextureAlignMode (180)
[2016.04.07-15.39.16:067][988]LogModuleManager: Shutting down and abandoning module BspMode (179)
[2016.04.07-15.39.16:067][988]LogModuleManager: Shutting down and abandoning module PlacementMode (178)
[2016.04.07-15.39.16:067][988]LogModuleManager: Shutting down and abandoning module AutomationWorker (177)
[2016.04.07-15.39.16:067][988]LogModuleManager: Shutting down and abandoning module CharacterAI (176)
[2016.04.07-15.39.16:067][988]LogModuleManager: Shutting down and abandoning module SmartSnapping (175)
[2016.04.07-15.39.16:067][988]LogModuleManager: Shutting down and abandoning module ViewportSnapping (174)
[2016.04.07-15.39.16:067][988]LogModuleManager: Shutting down and abandoning module LogVisualizer (173)
[2016.04.07-15.39.16:068][988]LogModuleManager: Shutting down and abandoning module GameProjectGeneration (172)
[2016.04.07-15.39.16:068][988]LogModuleManager: Shutting down and abandoning module IntroTutorials (171)
[2016.04.07-15.39.16:069][988]LogModuleManager: Shutting down and abandoning module EditorLiveStreaming (170)
[2016.04.07-15.39.16:069][988]LogModuleManager: Shutting down and abandoning module IOSPlatformEditor (169)
[2016.04.07-15.39.16:070][988]LogModuleManager: Shutting down and abandoning module HTML5PlatformEditor (168)
[2016.04.07-15.39.16:070][988]LogModuleManager: Shutting down and abandoning module AndroidDeviceDetection (167)
[2016.04.07-15.39.16:244][988]LogModuleManager: Shutting down and abandoning module AndroidPlatformEditor (166)
[2016.04.07-15.39.16:244][988]LogModuleManager: Shutting down and abandoning module IOSRuntimeSettings (165)
[2016.04.07-15.39.16:244][988]LogModuleManager: Shutting down and abandoning module AndroidRuntimeSettings (164)
[2016.04.07-15.39.16:244][988]LogModuleManager: Shutting down and abandoning module MergeActors (163)
[2016.04.07-15.39.16:245][988]LogModuleManager: Shutting down and abandoning module SizeMap (162)
[2016.04.07-15.39.16:245][988]LogModuleManager: Shutting down and abandoning module TreeMap (161)
[2016.04.07-15.39.16:245][988]LogModuleManager: Shutting down and abandoning module ReferenceViewer (160)
[2016.04.07-15.39.16:245][988]LogModuleManager: Shutting down and abandoning module LocalizationService (159)
[2016.04.07-15.39.16:245][988]LogModuleManager: Shutting down and abandoning module LocalizationDashboard (158)
[2016.04.07-15.39.16:246][988]LogModuleManager: Shutting down and abandoning module HardwareTargeting (157)
[2016.04.07-15.39.16:246][988]LogModuleManager: Shutting down and abandoning module DeviceProfileEditor (156)
[2016.04.07-15.39.16:246][988]LogModuleManager: Shutting down and abandoning module UndoHistory (155)
[2016.04.07-15.39.16:246][988]LogModuleManager: Shutting down and abandoning module GameplayTagsEditor (154)
[2016.04.07-15.39.16:246][988]LogModuleManager: Shutting down and abandoning module UserFeedback (153)
[2016.04.07-15.39.16:246][988]LogModuleManager: Shutting down and abandoning module XmlParser (152)
[2016.04.07-15.39.16:246][988]LogModuleManager: Shutting down and abandoning module Blutility (151)
[2016.04.07-15.39.16:246][988]LogModuleManager: Shutting down and abandoning module ProjectTargetPlatformEditor (150)
[2016.04.07-15.39.16:246][988]LogModuleManager: Shutting down and abandoning module ProjectSettingsViewer (149)
[2016.04.07-15.39.16:246][988]LogModuleManager: Shutting down and abandoning module InputBindingEditor (148)
[2016.04.07-15.39.16:247][988]LogModuleManager: Shutting down and abandoning module EditorSettingsViewer (147)
[2016.04.07-15.39.16:247][988]LogModuleManager: Shutting down and abandoning module SettingsEditor (146)
[2016.04.07-15.39.16:249][988]LogModuleManager: Shutting down and abandoning module ProjectLauncher (145)
[2016.04.07-15.39.16:268][988]LogModuleManager: Shutting down and abandoning module SessionFrontend (144)
[2016.04.07-15.39.16:268][988]LogModuleManager: Shutting down and abandoning module ProfilerClient (143)
[2016.04.07-15.39.16:269][988]LogModuleManager: Shutting down and abandoning module TargetDeviceServices (142)
[2016.04.07-15.39.16:269][988]LogModuleManager: Shutting down and abandoning module DeviceManager (141)
[2016.04.07-15.39.16:279][988]LogModuleManager: Shutting down and abandoning module AutomationController (140)
[2016.04.07-15.39.16:279][988]LogModuleManager: Shutting down and abandoning module AutomationWindow (139)
[2016.04.07-15.39.16:290][988]LogModuleManager: Shutting down and abandoning module Layers (138)
[2016.04.07-15.39.16:312][988]LogModuleManager: Shutting down and abandoning module ComponentVisualizers (137)
[2016.04.07-15.39.16:312][988]LogModuleManager: Shutting down and abandoning module DetailCustomizations (136)
[2016.04.07-15.39.16:313][988]LogModuleManager: Shutting down and abandoning module PackagesDialog (135)
[2016.04.07-15.39.16:313][988]LogModuleManager: Shutting down and abandoning module Persona (134)
[2016.04.07-15.39.16:326][988]LogModuleManager: Shutting down and abandoning module Kismet (133)
[2016.04.07-15.39.16:326][988]LogModuleManager: Shutting down and abandoning module GraphEditor (132)
[2016.04.07-15.39.16:360][988]LogModuleManager: Shutting down and abandoning module ClassViewer (131)
[2016.04.07-15.39.16:361][988]LogModuleManager: Shutting down and abandoning module Toolbox (130)
[2016.04.07-15.39.16:361][988]LogModuleManager: Shutting down and abandoning module ModuleUI (129)
[2016.04.07-15.39.16:361][988]LogModuleManager: Shutting down and abandoning module MovieSceneTools (128)
[2016.04.07-15.39.16:362][988]LogModuleManager: Shutting down and abandoning module OutputLog (127)
[2016.04.07-15.39.16:362][988]LogModuleManager: Shutting down and abandoning module GammaUI (126)
[2016.04.07-15.39.16:362][988]LogModuleManager: Shutting down and abandoning module Documentation (125)
[2016.04.07-15.39.16:362][988]LogModuleManager: Shutting down and abandoning module GameLiveStreaming (124)
[2016.04.07-15.39.16:363][988]LogModuleManager: Shutting down and abandoning module StreamingPauseRendering (123)
[2016.04.07-15.39.16:363][988]LogModuleManager: Shutting down and abandoning module AITestSuite (122)
[2016.04.07-15.39.16:363][988]LogModuleManager: Shutting down and abandoning module GameplayDebugger (121)
[2016.04.07-15.39.16:363][988]LogModuleManager: Shutting down and abandoning module AIModule (120)
[2016.04.07-15.39.16:363][988]LogModuleManager: Shutting down and abandoning module ProfilerService (119)
[2016.04.07-15.39.16:500][988]LogModuleManager: Shutting down and abandoning module TaskGraph (118)
[2016.04.07-15.39.16:501][988]LogModuleManager: Shutting down and abandoning module SlateRemote (117)
[2016.04.07-15.39.16:501][988]LogModuleManager: Shutting down and abandoning module SteamVRController (116)
[2016.04.07-15.39.16:501][988]LogModuleManager: Shutting down and abandoning module SteamVR (115)
[2016.04.07-15.39.16:501][988]LogModuleManager: Shutting down and abandoning module ProceduralMeshComponent (114)
[2016.04.07-15.39.16:501][988]LogModuleManager: Shutting down and abandoning module OculusLibrary (113)
[2016.04.07-15.39.16:502][988]LogModuleManager: Shutting down and abandoning module OculusInput (112)
[2016.04.07-15.39.16:502][988]LogModuleManager: Shutting down and abandoning module LeapMotionController (111)
[2016.04.07-15.39.16:517][988]LogModuleManager: Shutting down and abandoning module CustomMeshComponent (110)
[2016.04.07-15.39.16:518][988]LogModuleManager: Shutting down and abandoning module CableComponent (109)
[2016.04.07-15.39.16:518][988]LogModuleManager: Shutting down and abandoning module ArchVisCharacter (108)
[2016.04.07-15.39.16:518][988]LogModuleManager: Shutting down and abandoning module MessagingDebugger (107)
[2016.04.07-15.39.16:529][988]LogModuleManager: Shutting down and abandoning module MediaPlayerEditor (106)
[2016.04.07-15.39.16:530][988]LogModuleManager: Shutting down and abandoning module HTML5Networking (105)
[2016.04.07-15.39.16:530][988]LogModuleManager: Shutting down and abandoning module SpeedTreeImporter (104)
[2016.04.07-15.39.16:530][988]LogModuleManager: Shutting down and abandoning module PluginBrowser (103)
[2016.04.07-15.39.16:531][988]LogModuleManager: Shutting down and abandoning module EpicSurvey (102)
[2016.04.07-15.39.16:531][988]LogModuleManager: Shutting down and abandoning module VisualStudioSourceCodeAccess (101)
[2016.04.07-15.39.16:531][988]LogModuleManager: Shutting down and abandoning module UObjectPlugin (100)
[2016.04.07-15.39.16:531][988]LogModuleManager: Shutting down and abandoning module SubversionSourceControl (99)
[2016.04.07-15.39.16:532][988]LogModuleManager: Shutting down and abandoning module PerforceSourceControl (98)
[2016.04.07-15.39.16:532][988]LogModuleManager: Shutting down and abandoning module SourceControl (97)
[2016.04.07-15.39.16:545][988]LogModuleManager: Shutting down and abandoning module GitSourceControl (96)
[2016.04.07-15.39.16:546][988]LogModuleManager: Shutting down and abandoning module LightPropagationVolumeEditor (95)
[2016.04.07-15.39.16:546][988]LogModuleManager: Shutting down and abandoning module PaperTiledImporter (94)
[2016.04.07-15.39.16:546][988]LogModuleManager: Shutting down and abandoning module PaperSpriteSheetImporter (93)
[2016.04.07-15.39.16:546][988]LogModuleManager: Shutting down and abandoning module MeshPaint (92)
[2016.04.07-15.39.16:546][988]LogModuleManager: Shutting down and abandoning module SlateReflector (91)
[2016.04.07-15.39.16:547][988]LogModuleManager: Shutting down and abandoning module HotReload (90)
[2016.04.07-15.39.16:547][988]LogModuleManager: Shutting down and abandoning module MainFrame (89)
[2016.04.07-15.39.16:547][988]LogModuleManager: Shutting down and abandoning module LevelEditor (88)
[2016.04.07-15.39.16:549][988]LogModuleManager: Shutting down and abandoning module DirectoryWatcher (87)
[2016.04.07-15.39.16:549][988]LogModuleManager: Shutting down and abandoning module AssetRegistry (86)
[2016.04.07-15.39.16:639][988]LogModuleManager: Shutting down and abandoning module ContentBrowser (85)
[2016.04.07-15.39.16:641][988]LogModuleManager: Shutting down and abandoning module Paper2DEditor (84)
[2016.04.07-15.39.16:641][988]LogModuleManager: Shutting down and abandoning module ClearPath (83)
[2016.04.07-15.39.16:641][988]LogModuleManager: Shutting down and abandoning module UdpMessaging (82)
[2016.04.07-15.39.16:742][988]LogModuleManager: Shutting down and abandoning module LightPropagationVolumeRuntime (81)
[2016.04.07-15.39.16:742][988]LogModuleManager: Shutting down and abandoning module Paper2D (80)
[2016.04.07-15.39.16:742][988]LogModuleManager: Shutting down and abandoning module WindowsMoviePlayer (79)
[2016.04.07-15.39.16:748][988]LogModuleManager: Shutting down and abandoning module Media (78)
[2016.04.07-15.39.16:749][988]LogModuleManager: Shutting down and abandoning module WmfMedia (77)
[2016.04.07-15.39.16:749][988]LogModuleManager: Shutting down and abandoning module OnlineBlueprintSupport (76)
[2016.04.07-15.39.16:749][988]LogModuleManager: Shutting down and abandoning module GameplayTasksEditor (75)
[2016.04.07-15.39.16:749][988]LogModuleManager: Shutting down and abandoning module PropertyEditor (74)
[2016.04.07-15.39.16:749][988]LogModuleManager: Shutting down and abandoning module BehaviorTreeEditor (73)
[2016.04.07-15.39.16:763][988]LogModuleManager: Shutting down and abandoning module FunctionalTesting (72)
[2016.04.07-15.39.16:763][988]LogModuleManager: Shutting down and abandoning module CollisionAnalyzer (71)
[2016.04.07-15.39.16:764][988]LogModuleManager: Shutting down and abandoning module WorkspaceMenuStructure (70)
[2016.04.07-15.39.16:764][988]LogModuleManager: Shutting down and abandoning module MessageLog (69)
[2016.04.07-15.39.16:764][988]LogModuleManager: Shutting down and abandoning module Sequencer (68)
[2016.04.07-15.39.16:775][988]LogModuleManager: Shutting down and abandoning module AssetTools (67)
[2016.04.07-15.39.16:777][988]LogModuleManager: Shutting down and abandoning module UMGEditor (66)
[2016.04.07-15.39.16:791][988]LogModuleManager: Shutting down and abandoning module UMG (65)
[2016.04.07-15.39.16:806][988]LogModuleManager: Shutting down and abandoning module Slate (64)
[2016.04.07-15.39.16:806][988]LogModuleManager: Shutting down and abandoning module EditorStyle (63)
[2016.04.07-15.39.16:810][988]LogModuleManager: Shutting down and abandoning module SessionServices (62)
[2016.04.07-15.39.16:810][988]LogModuleManager: Shutting down and abandoning module SourceCodeAccess (61)
[2016.04.07-15.39.16:810][988]LogModuleManager: Shutting down and abandoning module HeadMountedDisplay (60)
[2016.04.07-15.39.16:810][988]LogModuleManager: Shutting down and abandoning module XAudio2 (59)
[2016.04.07-15.39.16:810][988]LogModuleManager: Shutting down and abandoning module Networking (57)
[2016.04.07-15.39.16:810][988]LogModuleManager: Shutting down and abandoning module Core (56)
[2016.04.07-15.39.16:811][988]LogModuleManager: Shutting down and abandoning module KismetCompiler (55)
[2016.04.07-15.39.16:811][988]LogModuleManager: Shutting down and abandoning module PhysXFormats (54)
[2016.04.07-15.39.16:811][988]LogModuleManager: Shutting down and abandoning module MeshUtilities (53)
[2016.04.07-15.39.16:811][988]LogModuleManager: Shutting down and abandoning module DerivedDataCache (52)
[2016.04.07-15.39.16:909][988]LogDerivedDataCache: Shutdown
[2016.04.07-15.39.16:909][988]LogModuleManager: Shutting down and abandoning module ShaderFormatOpenGL (51)
[2016.04.07-15.39.16:910][988]LogModuleManager: Shutting down and abandoning module ShaderFormatD3D (50)
[2016.04.07-15.39.16:920][988]LogModuleManager: Shutting down and abandoning module MetalShaderFormat (49)
[2016.04.07-15.39.16:926][988]LogModuleManager: Shutting down and abandoning module TextureFormatUncompressed (48)
[2016.04.07-15.39.16:926][988]LogModuleManager: Shutting down and abandoning module TextureFormatPVR (47)
[2016.04.07-15.39.16:927][988]LogModuleManager: Shutting down and abandoning module TextureFormatIntelISPCTexComp (46)
[2016.04.07-15.39.16:927][988]LogModuleManager: Shutting down and abandoning module TextureFormatDXT (45)
[2016.04.07-15.39.16:927][988]LogModuleManager: Shutting down and abandoning module ImageWrapper (44)
[2016.04.07-15.39.16:927][988]LogModuleManager: Shutting down and abandoning module TextureFormatASTC (43)
[2016.04.07-15.39.16:928][988]LogModuleManager: Shutting down and abandoning module AudioFormatOpus (42)
[2016.04.07-15.39.16:928][988]LogModuleManager: Shutting down and abandoning module AudioFormatOgg (41)
[2016.04.07-15.39.16:928][988]LogModuleManager: Shutting down and abandoning module AudioFormatADPCM (40)
[2016.04.07-15.39.16:928][988]LogModuleManager: Shutting down and abandoning module Messaging (39)
[2016.04.07-15.39.16:928][988]LogModuleManager: Shutting down and abandoning module IOSTargetPlatform (38)
[2016.04.07-15.39.16:928][988]LogModuleManager: Shutting down and abandoning module HTML5TargetPlatform (37)
[2016.04.07-15.39.16:928][988]LogModuleManager: Shutting down and abandoning module Android_PVRTCTargetPlatform (36)
[2016.04.07-15.39.16:928][988]LogModuleManager: Shutting down and abandoning module Android_MultiTargetPlatform (35)
[2016.04.07-15.39.16:928][988]LogModuleManager: Shutting down and abandoning module Android_ETC2TargetPlatform (34)
[2016.04.07-15.39.16:928][988]LogModuleManager: Shutting down and abandoning module Android_ETC1TargetPlatform (33)
[2016.04.07-15.39.16:928][988]LogModuleManager: Shutting down and abandoning module Android_DXTTargetPlatform (32)
[2016.04.07-15.39.16:928][988]LogModuleManager: Shutting down and abandoning module Android_ATCTargetPlatform (31)
[2016.04.07-15.39.16:928][988]LogModuleManager: Shutting down and abandoning module Android_ASTCTargetPlatform (30)
[2016.04.07-15.39.16:928][988]LogModuleManager: Shutting down and abandoning module AndroidTargetPlatform (29)
[2016.04.07-15.39.16:928][988]LogModuleManager: Shutting down and abandoning module WindowsTargetPlatform (28)
[2016.04.07-15.39.16:929][988]LogModuleManager: Shutting down and abandoning module WindowsServerTargetPlatform (27)
[2016.04.07-15.39.16:929][988]LogModuleManager: Shutting down and abandoning module WindowsNoEditorTargetPlatform (26)
[2016.04.07-15.39.16:929][988]LogModuleManager: Shutting down and abandoning module WindowsClientTargetPlatform (25)
[2016.04.07-15.39.16:929][988]LogModuleManager: Shutting down and abandoning module AllDesktopTargetPlatform (24)
[2016.04.07-15.39.16:929][988]LogModuleManager: Shutting down and abandoning module TargetPlatform (23)
[2016.04.07-15.39.16:929][988]LogModuleManager: Shutting down and abandoning module InputCore (22)
[2016.04.07-15.39.16:929][988]LogModuleManager: Shutting down and abandoning module Settings (21)
[2016.04.07-15.39.16:929][988]LogModuleManager: Shutting down and abandoning module OnlineSubsystem (19)
[2016.04.07-15.39.16:929][988]LogModuleManager: Shutting down and abandoning module HTTP (18)
[2016.04.07-15.39.16:930][988]LogModuleManager: Shutting down and abandoning module OculusRift (17)
[2016.04.07-15.39.16:930][988]LogModuleManager: Shutting down and abandoning module ExampleDeviceProfileSelector (16)
[2016.04.07-15.39.16:930][988]LogModuleManager: Shutting down and abandoning module DesktopPlatform (15)
[2016.04.07-15.39.16:930][988]LogModuleManager: Shutting down and abandoning module TextureCompressor (14)
[2016.04.07-15.39.16:931][988]LogModuleManager: Shutting down and abandoning module ShaderCore (13)
[2016.04.07-15.39.16:931][988]LogModuleManager: Shutting down and abandoning module Landscape (12)
[2016.04.07-15.39.16:931][988]LogModuleManager: Shutting down and abandoning module SlateRHIRenderer (11)
[2016.04.07-15.39.16:932][988]LogModuleManager: Shutting down and abandoning module OpenGLDrv (10)
[2016.04.07-15.39.16:933][988]LogModuleManager: Shutting down and abandoning module D3D11RHI (9)
[2016.04.07-15.39.16:933][988]LogModuleManager: Shutting down and abandoning module AnimGraphRuntime (8)
[2016.04.07-15.39.16:933][988]LogModuleManager: Shutting down and abandoning module Renderer (7)
[2016.04.07-15.39.16:933][988]LogModuleManager: Shutting down and abandoning module Engine (6)
[2016.04.07-15.39.16:933][988]LogModuleManager: Shutting down and abandoning module CoreUObject (5)
[2016.04.07-15.39.16:933][988]LogModuleManager: Shutting down and abandoning module NetworkFile (4)
[2016.04.07-15.39.16:934][988]LogModuleManager: Shutting down and abandoning module StreamingFile (3)
[2016.04.07-15.39.16:934][988]LogModuleManager: Shutting down and abandoning module SandboxFile (2)
[2016.04.07-15.39.16:947][988]LogModuleManager: Shutting down and abandoning module PakFile (1)
[2016.04.07-15.39.16:951][988]LogExit: Exiting.
[2016.04.07-15.39.16:970][988]Log file closed, 04/07/16 23:39:16
